This file contains any messages produced by compilers while
running configure, to aid debugging if configure makes a mistake.

It was created by fontconfig configure 2.12.1, which was
generated by GNU Autoconf 2.69.  Invocation command line was

  $ ./configure --prefix=/Users/stevevarga/Desktop/Cinder/blocks/Cinder-Typography/build/build --enable-static --disable-shared

## --------- ##
## Platform. ##
## --------- ##

hostname = Stephens-MBP.fios-router.home
uname -m = x86_64
uname -r = 15.6.0
uname -s = Darwin
uname -v = Darwin Kernel Version 15.6.0: Mon Aug 29 20:21:34 PDT 2016; root:xnu-3248.60.11~1/RELEASE_X86_64

/usr/bin/uname -p = i386
/bin/uname -X     = unknown

/bin/arch              = unknown
/usr/bin/arch -k       = unknown
/usr/convex/getsysinfo = unknown
/usr/bin/hostinfo      = Mach kernel version:
	 Darwin Kernel Version 15.6.0: Mon Aug 29 20:21:34 PDT 2016; root:xnu-3248.60.11~1/RELEASE_X86_64
Kernel configured for up to 4 processors.
2 processors are physically available.
4 processors are logically available.
Processor type: x86_64h (Intel x86-64h Haswell)
Processors active: 0 1 2 3
Primary memory available: 8.00 gigabytes
Default processor set: 348 tasks, 1483 threads, 4 processors
Load average: 3.79, Mach factor: 0.99
/bin/machine           = unknown
/usr/bin/oslevel       = unknown
/bin/universe          = unknown

PATH: /Users/stevevarga/.rbenv/shims
PATH: /usr/local/bin
PATH: /usr/bin
PATH: /bin
PATH: /usr/sbin
PATH: /sbin


## ----------- ##
## Core tests. ##
## ----------- ##

configure:2754: checking for a BSD-compatible install
configure:2822: result: /usr/bin/install -c
configure:2833: checking whether build environment is sane
configure:2888: result: yes
configure:3039: checking for a thread-safe mkdir -p
configure:3078: result: ./install-sh -c -d
configure:3085: checking for gawk
configure:3115: result: no
configure:3085: checking for mawk
configure:3115: result: no
configure:3085: checking for nawk
configure:3115: result: no
configure:3085: checking for awk
configure:3101: found /usr/bin/awk
configure:3112: result: awk
configure:3123: checking whether make sets $(MAKE)
configure:3145: result: yes
configure:3174: checking whether make supports nested variables
configure:3191: result: yes
configure:3328: checking whether make supports nested variables
configure:3345: result: yes
configure:3410: checking for gcc
configure:3426: found /usr/bin/gcc
configure:3437: result: gcc
configure:3666: checking for C compiler version
configure:3675: gcc --version >&5
Apple LLVM version 8.0.0 (clang-800.0.38)
Target: x86_64-apple-darwin15.6.0
Thread model: posix
InstalledDir: /Applications/Xcode.app/Contents/Developer/Toolchains/XcodeDefault.xctoolchain/usr/bin
Configured with: --prefix=/Applications/Xcode.app/Contents/Developer/usr --with-gxx-include-dir=/usr/include/c++/4.2.1
configure:3686: $? = 0
configure:3675: gcc -v >&5
Configured with: --prefix=/Applications/Xcode.app/Contents/Developer/usr --with-gxx-include-dir=/usr/include/c++/4.2.1
Apple LLVM version 8.0.0 (clang-800.0.38)
Target: x86_64-apple-darwin15.6.0
Thread model: posix
InstalledDir: /Applications/Xcode.app/Contents/Developer/Toolchains/XcodeDefault.xctoolchain/usr/bin
configure:3686: $? = 0
configure:3675: gcc -V >&5
clang: error: argument to '-V' is missing (expected 1 value)
clang: error: no input files
configure:3686: $? = 1
configure:3675: gcc -qversion >&5
clang: error: unknown argument: '-qversion'
clang: error: no input files
configure:3686: $? = 1
configure:3706: checking whether the C compiler works
configure:3728: gcc    conftest.c  >&5
configure:3732: $? = 0
configure:3780: result: yes
configure:3783: checking for C compiler default output file name
configure:3785: result: a.out
configure:3791: checking for suffix of executables
configure:3798: gcc -o conftest    conftest.c  >&5
configure:3802: $? = 0
configure:3824: result: 
configure:3846: checking whether we are cross compiling
configure:3854: gcc -o conftest    conftest.c  >&5
configure:3858: $? = 0
configure:3865: ./conftest
configure:3869: $? = 0
configure:3884: result: no
configure:3889: checking for suffix of object files
configure:3911: gcc -c   conftest.c >&5
configure:3915: $? = 0
configure:3936: result: o
configure:3940: checking whether we are using the GNU C compiler
configure:3959: gcc -c   conftest.c >&5
configure:3959: $? = 0
configure:3968: result: yes
configure:3977: checking whether gcc accepts -g
configure:3997: gcc -c -g  conftest.c >&5
configure:3997: $? = 0
configure:4038: result: yes
configure:4055: checking for gcc option to accept ISO C89
configure:4118: gcc  -c -g -O2  conftest.c >&5
configure:4118: $? = 0
configure:4131: result: none needed
configure:4156: checking whether gcc understands -c and -o together
configure:4178: gcc -c conftest.c -o conftest2.o
configure:4181: $? = 0
configure:4178: gcc -c conftest.c -o conftest2.o
configure:4181: $? = 0
configure:4193: result: yes
configure:4221: checking for style of include used by make
configure:4249: result: GNU
configure:4275: checking dependency style of gcc
configure:4386: result: gcc3
configure:4407: checking how to run the C preprocessor
configure:4438: gcc -E  conftest.c
configure:4438: $? = 0
configure:4452: gcc -E  conftest.c
conftest.c:11:10: fatal error: 'ac_nonexistent.h' file not found
#include <ac_nonexistent.h>
         ^
1 error generated.
configure:4452: $? = 1
configure: failed program was:
| /* confdefs.h */
| #define PACKAGE_NAME "fontconfig"
| #define PACKAGE_TARNAME "fontconfig"
| #define PACKAGE_VERSION "2.12.1"
| #define PACKAGE_STRING "fontconfig 2.12.1"
| #define PACKAGE_BUGREPORT "https://bugs.freedesktop.org/enter_bug.cgi?product=fontconfig"
| #define PACKAGE_URL ""
| #define PACKAGE "fontconfig"
| #define VERSION "2.12.1"
| /* end confdefs.h.  */
| #include <ac_nonexistent.h>
configure:4477: result: gcc -E
configure:4497: gcc -E  conftest.c
configure:4497: $? = 0
configure:4511: gcc -E  conftest.c
conftest.c:11:10: fatal error: 'ac_nonexistent.h' file not found
#include <ac_nonexistent.h>
         ^
1 error generated.
configure:4511: $? = 1
configure: failed program was:
| /* confdefs.h */
| #define PACKAGE_NAME "fontconfig"
| #define PACKAGE_TARNAME "fontconfig"
| #define PACKAGE_VERSION "2.12.1"
| #define PACKAGE_STRING "fontconfig 2.12.1"
| #define PACKAGE_BUGREPORT "https://bugs.freedesktop.org/enter_bug.cgi?product=fontconfig"
| #define PACKAGE_URL ""
| #define PACKAGE "fontconfig"
| #define VERSION "2.12.1"
| /* end confdefs.h.  */
| #include <ac_nonexistent.h>
configure:4540: checking for grep that handles long lines and -e
configure:4598: result: /usr/bin/grep
configure:4603: checking for egrep
configure:4665: result: /usr/bin/grep -E
configure:4670: checking for ANSI C header files
configure:4690: gcc -c -g -O2  conftest.c >&5
configure:4690: $? = 0
configure:4763: gcc -o conftest -g -O2   conftest.c  >&5
configure:4763: $? = 0
configure:4763: ./conftest
configure:4763: $? = 0
configure:4774: result: yes
configure:4787: checking for sys/types.h
configure:4787: gcc -c -g -O2  conftest.c >&5
configure:4787: $? = 0
configure:4787: result: yes
configure:4787: checking for sys/stat.h
configure:4787: gcc -c -g -O2  conftest.c >&5
configure:4787: $? = 0
configure:4787: result: yes
configure:4787: checking for stdlib.h
configure:4787: gcc -c -g -O2  conftest.c >&5
configure:4787: $? = 0
configure:4787: result: yes
configure:4787: checking for string.h
configure:4787: gcc -c -g -O2  conftest.c >&5
configure:4787: $? = 0
configure:4787: result: yes
configure:4787: checking for memory.h
configure:4787: gcc -c -g -O2  conftest.c >&5
configure:4787: $? = 0
configure:4787: result: yes
configure:4787: checking for strings.h
configure:4787: gcc -c -g -O2  conftest.c >&5
configure:4787: $? = 0
configure:4787: result: yes
configure:4787: checking for inttypes.h
configure:4787: gcc -c -g -O2  conftest.c >&5
configure:4787: $? = 0
configure:4787: result: yes
configure:4787: checking for stdint.h
configure:4787: gcc -c -g -O2  conftest.c >&5
configure:4787: $? = 0
configure:4787: result: yes
configure:4787: checking for unistd.h
configure:4787: gcc -c -g -O2  conftest.c >&5
configure:4787: $? = 0
configure:4787: result: yes
configure:4800: checking minix/config.h usability
configure:4800: gcc -c -g -O2  conftest.c >&5
conftest.c:54:10: fatal error: 'minix/config.h' file not found
#include <minix/config.h>
         ^
1 error generated.
configure:4800: $? = 1
configure: failed program was:
| /* confdefs.h */
| #define PACKAGE_NAME "fontconfig"
| #define PACKAGE_TARNAME "fontconfig"
| #define PACKAGE_VERSION "2.12.1"
| #define PACKAGE_STRING "fontconfig 2.12.1"
| #define PACKAGE_BUGREPORT "https://bugs.freedesktop.org/enter_bug.cgi?product=fontconfig"
| #define PACKAGE_URL ""
| #define PACKAGE "fontconfig"
| #define VERSION "2.12.1"
| #define STDC_HEADERS 1
| #define HAVE_SYS_TYPES_H 1
| #define HAVE_SYS_STAT_H 1
| #define HAVE_STDLIB_H 1
| #define HAVE_STRING_H 1
| #define HAVE_MEMORY_H 1
| #define HAVE_STRINGS_H 1
| #define HAVE_INTTYPES_H 1
| #define HAVE_STDINT_H 1
| #define HAVE_UNISTD_H 1
| /* end confdefs.h.  */
| #include <stdio.h>
| #ifdef HAVE_SYS_TYPES_H
| # include <sys/types.h>
| #endif
| #ifdef HAVE_SYS_STAT_H
| # include <sys/stat.h>
| #endif
| #ifdef STDC_HEADERS
| # include <stdlib.h>
| # include <stddef.h>
| #else
| # ifdef HAVE_STDLIB_H
| #  include <stdlib.h>
| # endif
| #endif
| #ifdef HAVE_STRING_H
| # if !defined STDC_HEADERS && defined HAVE_MEMORY_H
| #  include <memory.h>
| # endif
| # include <string.h>
| #endif
| #ifdef HAVE_STRINGS_H
| # include <strings.h>
| #endif
| #ifdef HAVE_INTTYPES_H
| # include <inttypes.h>
| #endif
| #ifdef HAVE_STDINT_H
| # include <stdint.h>
| #endif
| #ifdef HAVE_UNISTD_H
| # include <unistd.h>
| #endif
| #include <minix/config.h>
configure:4800: result: no
configure:4800: checking minix/config.h presence
configure:4800: gcc -E  conftest.c
conftest.c:21:10: fatal error: 'minix/config.h' file not found
#include <minix/config.h>
         ^
1 error generated.
configure:4800: $? = 1
configure: failed program was:
| /* confdefs.h */
| #define PACKAGE_NAME "fontconfig"
| #define PACKAGE_TARNAME "fontconfig"
| #define PACKAGE_VERSION "2.12.1"
| #define PACKAGE_STRING "fontconfig 2.12.1"
| #define PACKAGE_BUGREPORT "https://bugs.freedesktop.org/enter_bug.cgi?product=fontconfig"
| #define PACKAGE_URL ""
| #define PACKAGE "fontconfig"
| #define VERSION "2.12.1"
| #define STDC_HEADERS 1
| #define HAVE_SYS_TYPES_H 1
| #define HAVE_SYS_STAT_H 1
| #define HAVE_STDLIB_H 1
| #define HAVE_STRING_H 1
| #define HAVE_MEMORY_H 1
| #define HAVE_STRINGS_H 1
| #define HAVE_INTTYPES_H 1
| #define HAVE_STDINT_H 1
| #define HAVE_UNISTD_H 1
| /* end confdefs.h.  */
| #include <minix/config.h>
configure:4800: result: no
configure:4800: checking for minix/config.h
configure:4800: result: no
configure:4821: checking whether it is safe to define __EXTENSIONS__
configure:4839: gcc -c -g -O2  conftest.c >&5
configure:4839: $? = 0
configure:4846: result: yes
configure:4867: checking for special C compiler options needed for large files
configure:4912: result: no
configure:4918: checking for _FILE_OFFSET_BITS value needed for large files
configure:4943: gcc -c -g -O2  conftest.c >&5
configure:4943: $? = 0
configure:4975: result: no
configure:5061: checking whether ln -s works
configure:5065: result: yes
configure:5072: checking whether make sets $(MAKE)
configure:5094: result: yes
configure:5157: checking for pkg-config
configure:5175: found /usr/local/bin/pkg-config
configure:5187: result: /usr/local/bin/pkg-config
configure:5212: checking pkg-config is at least version 0.9.0
configure:5215: result: yes
configure:5257: checking for python
configure:5275: found /usr/bin/python
configure:5287: result: /usr/bin/python
configure:5308: checking for python version
configure:5315: result: 2.7
configure:5327: checking for python platform
configure:5334: result: darwin
configure:5360: checking for python script directory
configure:5395: result: ${prefix}/lib/python2.7/site-packages
configure:5404: checking for python extension module directory
configure:5439: result: ${exec_prefix}/lib/python2.7/site-packages
configure:5461: checking for RM macro
configure:5505: result: rm -f
configure:5539: checking build system type
configure:5553: result: x86_64-apple-darwin15.6.0
configure:5573: checking host system type
configure:5586: result: x86_64-apple-darwin15.6.0
configure:5627: checking how to print strings
configure:5654: result: printf
configure:5675: checking for a sed that does not truncate output
configure:5739: result: /usr/bin/sed
configure:5757: checking for fgrep
configure:5819: result: /usr/bin/grep -F
configure:5854: checking for ld used by gcc
configure:5921: result: /Applications/Xcode.app/Contents/Developer/Toolchains/XcodeDefault.xctoolchain/usr/bin/ld
configure:5928: checking if the linker (/Applications/Xcode.app/Contents/Developer/Toolchains/XcodeDefault.xctoolchain/usr/bin/ld) is GNU ld
configure:5943: result: no
configure:5955: checking for BSD- or MS-compatible name lister (nm)
configure:6009: result: /usr/bin/nm -B
configure:6139: checking the name lister (/usr/bin/nm -B) interface
configure:6146: gcc -c -g -O2  conftest.c >&5
configure:6149: /usr/bin/nm -B "conftest.o"
configure:6152: output
0000000000000228 S _some_variable
configure:6159: result: BSD nm
configure:6163: checking the maximum length of command line arguments
configure:6294: result: 196608
configure:6342: checking how to convert x86_64-apple-darwin15.6.0 file names to x86_64-apple-darwin15.6.0 format
configure:6382: result: func_convert_file_noop
configure:6389: checking how to convert x86_64-apple-darwin15.6.0 file names to toolchain format
configure:6409: result: func_convert_file_noop
configure:6416: checking for /Applications/Xcode.app/Contents/Developer/Toolchains/XcodeDefault.xctoolchain/usr/bin/ld option to reload object files
configure:6423: result: -r
configure:6497: checking for objdump
configure:6527: result: no
configure:6553: checking how to recognize dependent libraries
configure:6753: result: pass_all
configure:6838: checking for dlltool
configure:6868: result: no
configure:6895: checking how to associate runtime and link libraries
configure:6922: result: printf %s\n
configure:6982: checking for ar
configure:6998: found /usr/bin/ar
configure:7009: result: ar
configure:7046: checking for archiver @FILE support
configure:7063: gcc -c -g -O2  conftest.c >&5
configure:7063: $? = 0
configure:7066: ar cru libconftest.a @conftest.lst >&5
ar: @conftest.lst: No such file or directory
configure:7069: $? = 1
configure:7089: result: no
configure:7147: checking for strip
configure:7163: found /usr/bin/strip
configure:7174: result: strip
configure:7246: checking for ranlib
configure:7262: found /usr/bin/ranlib
configure:7273: result: ranlib
configure:7375: checking command to parse /usr/bin/nm -B output from gcc object
configure:7528: gcc -c -g -O2  conftest.c >&5
configure:7531: $? = 0
configure:7535: /usr/bin/nm -B conftest.o \| sed -n -e 's/^.*[ ]\([BCDEGRST][BCDEGRST]*\)[ ][ ]*\([_A-Za-z][_A-Za-z0-9]*\)$/\1 \2 \2/p' | sed '/ __gnu_lto/d' \> conftest.nm
configure:7538: $? = 0
cannot find nm_test_var in conftest.nm
configure:7528: gcc -c -g -O2  conftest.c >&5
configure:7531: $? = 0
configure:7535: /usr/bin/nm -B conftest.o \| sed -n -e 's/^.*[ ]\([BCDEGRST][BCDEGRST]*\)[ ][ ]*_\([_A-Za-z][_A-Za-z0-9]*\)$/\1 _\2 \2/p' | sed '/ __gnu_lto/d' \> conftest.nm
configure:7538: $? = 0
configure:7604: gcc -o conftest -g -O2   conftest.c conftstm.o >&5
warning: (x86_64)  could not find object file symbol for symbol _main
configure:7607: $? = 0
configure:7645: result: ok
configure:7692: checking for sysroot
configure:7722: result: no
configure:7729: checking for a working dd
configure:7767: result: /bin/dd
configure:7771: checking how to truncate binary pipes
configure:7786: result: /bin/dd bs=4096 count=1
configure:8115: checking for mt
configure:8145: result: no
configure:8165: checking if : is a manifest tool
configure:8171: : '-?'
configure:8179: result: no
configure:8235: checking for dsymutil
configure:8251: found /usr/bin/dsymutil
configure:8262: result: dsymutil
configure:8327: checking for nmedit
configure:8343: found /usr/bin/nmedit
configure:8354: result: nmedit
configure:8419: checking for lipo
configure:8435: found /usr/bin/lipo
configure:8446: result: lipo
configure:8511: checking for otool
configure:8527: found /usr/bin/otool
configure:8538: result: otool
configure:8603: checking for otool64
configure:8633: result: no
configure:8678: checking for -single_module linker flag
gcc -g -O2  -o libconftest.dylib -dynamiclib -Wl,-single_module conftest.c
configure:8711: result: yes
configure:8714: checking for -exported_symbols_list linker flag
configure:8734: gcc -o conftest -g -O2   -Wl,-exported_symbols_list,conftest.sym conftest.c  >&5
configure:8734: $? = 0
configure:8744: result: yes
configure:8747: checking for -force_load linker flag
gcc -g -O2 -c -o conftest.o conftest.c
ar cru libconftest.a conftest.o
ranlib libconftest.a
gcc -g -O2  -o conftest conftest.c -Wl,-force_load,./libconftest.a
configure:8779: result: yes
configure:8853: checking for dlfcn.h
configure:8853: gcc -c -g -O2  conftest.c >&5
configure:8853: $? = 0
configure:8853: result: yes
configure:9406: checking for objdir
configure:9421: result: .libs
configure:9685: checking if gcc supports -fno-rtti -fno-exceptions
configure:9703: gcc -c -g -O2  -fno-rtti -fno-exceptions conftest.c >&5
configure:9707: $? = 0
configure:9720: result: yes
configure:10078: checking for gcc option to produce PIC
configure:10085: result: -fno-common -DPIC
configure:10093: checking if gcc PIC flag -fno-common -DPIC works
configure:10111: gcc -c -g -O2  -fno-common -DPIC -DPIC conftest.c >&5
configure:10115: $? = 0
configure:10128: result: yes
configure:10157: checking if gcc static flag -static works
configure:10185: result: no
configure:10200: checking if gcc supports -c -o file.o
configure:10221: gcc -c -g -O2  -o out/conftest2.o conftest.c >&5
configure:10225: $? = 0
configure:10247: result: yes
configure:10255: checking if gcc supports -c -o file.o
configure:10302: result: yes
configure:10335: checking whether the gcc linker (/Applications/Xcode.app/Contents/Developer/Toolchains/XcodeDefault.xctoolchain/usr/bin/ld) supports shared libraries
configure:11594: result: yes
configure:11834: checking dynamic linker characteristics
configure:12655: result: darwin15.6.0 dyld
configure:12777: checking how to hardcode library paths into programs
configure:12802: result: immediate
configure:13350: checking whether stripping libraries is possible
configure:13364: result: yes
configure:13390: checking if libtool supports shared libraries
configure:13392: result: yes
configure:13395: checking whether to build shared libraries
configure:13420: result: no
configure:13423: checking whether to build static libraries
configure:13427: result: yes
configure:13547: checking whether __SUNPRO_C is declared
configure:13547: gcc -c -g -O2  conftest.c >&5
conftest.c:68:10: error: use of undeclared identifier '__SUNPRO_C'
  (void) __SUNPRO_C;
         ^
1 error generated.
configure:13547: $? = 1
configure: failed program was:
| /* confdefs.h */
| #define PACKAGE_NAME "fontconfig"
| #define PACKAGE_TARNAME "fontconfig"
| #define PACKAGE_VERSION "2.12.1"
| #define PACKAGE_STRING "fontconfig 2.12.1"
| #define PACKAGE_BUGREPORT "https://bugs.freedesktop.org/enter_bug.cgi?product=fontconfig"
| #define PACKAGE_URL ""
| #define PACKAGE "fontconfig"
| #define VERSION "2.12.1"
| #define STDC_HEADERS 1
| #define HAVE_SYS_TYPES_H 1
| #define HAVE_SYS_STAT_H 1
| #define HAVE_STDLIB_H 1
| #define HAVE_STRING_H 1
| #define HAVE_MEMORY_H 1
| #define HAVE_STRINGS_H 1
| #define HAVE_INTTYPES_H 1
| #define HAVE_STDINT_H 1
| #define HAVE_UNISTD_H 1
| #define __EXTENSIONS__ 1
| #define _ALL_SOURCE 1
| #define _GNU_SOURCE 1
| #define _POSIX_PTHREAD_SEMANTICS 1
| #define _TANDEM_SOURCE 1
| #define HAVE_DLFCN_H 1
| #define LT_OBJDIR ".libs/"
| /* end confdefs.h.  */
| #include <stdio.h>
| #ifdef HAVE_SYS_TYPES_H
| # include <sys/types.h>
| #endif
| #ifdef HAVE_SYS_STAT_H
| # include <sys/stat.h>
| #endif
| #ifdef STDC_HEADERS
| # include <stdlib.h>
| # include <stddef.h>
| #else
| # ifdef HAVE_STDLIB_H
| #  include <stdlib.h>
| # endif
| #endif
| #ifdef HAVE_STRING_H
| # if !defined STDC_HEADERS && defined HAVE_MEMORY_H
| #  include <memory.h>
| # endif
| # include <string.h>
| #endif
| #ifdef HAVE_STRINGS_H
| # include <strings.h>
| #endif
| #ifdef HAVE_INTTYPES_H
| # include <inttypes.h>
| #endif
| #ifdef HAVE_STDINT_H
| # include <stdint.h>
| #endif
| #ifdef HAVE_UNISTD_H
| # include <unistd.h>
| #endif
| int
| main ()
| {
| #ifndef __SUNPRO_C
| #ifdef __cplusplus
|   (void) __SUNPRO_C;
| #else
|   (void) __SUNPRO_C;
| #endif
| #endif
| 
|   ;
|   return 0;
| }
configure:13547: result: no
configure:13655: checking for dirent.h that defines DIR
configure:13674: gcc -c -g -O2  conftest.c >&5
configure:13674: $? = 0
configure:13682: result: yes
configure:13695: checking for library containing opendir
configure:13726: gcc -o conftest -g -O2   conftest.c  >&5
configure:13726: $? = 0
configure:13743: result: none required
configure:13810: checking for ANSI C header files
configure:13914: result: yes
configure:13925: checking fcntl.h usability
configure:13925: gcc -c -g -O2  conftest.c >&5
configure:13925: $? = 0
configure:13925: result: yes
configure:13925: checking fcntl.h presence
configure:13925: gcc -E  conftest.c
configure:13925: $? = 0
configure:13925: result: yes
configure:13925: checking for fcntl.h
configure:13925: result: yes
configure:13925: checking for stdlib.h
configure:13925: result: yes
configure:13925: checking for string.h
configure:13925: result: yes
configure:13925: checking for unistd.h
configure:13925: result: yes
configure:13925: checking sys/statvfs.h usability
configure:13925: gcc -c -g -O2  conftest.c >&5
configure:13925: $? = 0
configure:13925: result: yes
configure:13925: checking sys/statvfs.h presence
configure:13925: gcc -E  conftest.c
configure:13925: $? = 0
configure:13925: result: yes
configure:13925: checking for sys/statvfs.h
configure:13925: result: yes
configure:13925: checking sys/vfs.h usability
configure:13925: gcc -c -g -O2  conftest.c >&5
conftest.c:69:10: fatal error: 'sys/vfs.h' file not found
#include <sys/vfs.h>
         ^
1 error generated.
configure:13925: $? = 1
configure: failed program was:
| /* confdefs.h */
| #define PACKAGE_NAME "fontconfig"
| #define PACKAGE_TARNAME "fontconfig"
| #define PACKAGE_VERSION "2.12.1"
| #define PACKAGE_STRING "fontconfig 2.12.1"
| #define PACKAGE_BUGREPORT "https://bugs.freedesktop.org/enter_bug.cgi?product=fontconfig"
| #define PACKAGE_URL ""
| #define PACKAGE "fontconfig"
| #define VERSION "2.12.1"
| #define STDC_HEADERS 1
| #define HAVE_SYS_TYPES_H 1
| #define HAVE_SYS_STAT_H 1
| #define HAVE_STDLIB_H 1
| #define HAVE_STRING_H 1
| #define HAVE_MEMORY_H 1
| #define HAVE_STRINGS_H 1
| #define HAVE_INTTYPES_H 1
| #define HAVE_STDINT_H 1
| #define HAVE_UNISTD_H 1
| #define __EXTENSIONS__ 1
| #define _ALL_SOURCE 1
| #define _GNU_SOURCE 1
| #define _POSIX_PTHREAD_SEMANTICS 1
| #define _TANDEM_SOURCE 1
| #define HAVE_DLFCN_H 1
| #define LT_OBJDIR ".libs/"
| #define HAVE_WARNING_CPP_DIRECTIVE 1
| #define HAVE_DIRENT_H 1
| #define STDC_HEADERS 1
| #define HAVE_FCNTL_H 1
| #define HAVE_STDLIB_H 1
| #define HAVE_STRING_H 1
| #define HAVE_UNISTD_H 1
| #define HAVE_SYS_STATVFS_H 1
| /* end confdefs.h.  */
| #include <stdio.h>
| #ifdef HAVE_SYS_TYPES_H
| # include <sys/types.h>
| #endif
| #ifdef HAVE_SYS_STAT_H
| # include <sys/stat.h>
| #endif
| #ifdef STDC_HEADERS
| # include <stdlib.h>
| # include <stddef.h>
| #else
| # ifdef HAVE_STDLIB_H
| #  include <stdlib.h>
| # endif
| #endif
| #ifdef HAVE_STRING_H
| # if !defined STDC_HEADERS && defined HAVE_MEMORY_H
| #  include <memory.h>
| # endif
| # include <string.h>
| #endif
| #ifdef HAVE_STRINGS_H
| # include <strings.h>
| #endif
| #ifdef HAVE_INTTYPES_H
| # include <inttypes.h>
| #endif
| #ifdef HAVE_STDINT_H
| # include <stdint.h>
| #endif
| #ifdef HAVE_UNISTD_H
| # include <unistd.h>
| #endif
| #include <sys/vfs.h>
configure:13925: result: no
configure:13925: checking sys/vfs.h presence
configure:13925: gcc -E  conftest.c
conftest.c:36:10: fatal error: 'sys/vfs.h' file not found
#include <sys/vfs.h>
         ^
1 error generated.
configure:13925: $? = 1
configure: failed program was:
| /* confdefs.h */
| #define PACKAGE_NAME "fontconfig"
| #define PACKAGE_TARNAME "fontconfig"
| #define PACKAGE_VERSION "2.12.1"
| #define PACKAGE_STRING "fontconfig 2.12.1"
| #define PACKAGE_BUGREPORT "https://bugs.freedesktop.org/enter_bug.cgi?product=fontconfig"
| #define PACKAGE_URL ""
| #define PACKAGE "fontconfig"
| #define VERSION "2.12.1"
| #define STDC_HEADERS 1
| #define HAVE_SYS_TYPES_H 1
| #define HAVE_SYS_STAT_H 1
| #define HAVE_STDLIB_H 1
| #define HAVE_STRING_H 1
| #define HAVE_MEMORY_H 1
| #define HAVE_STRINGS_H 1
| #define HAVE_INTTYPES_H 1
| #define HAVE_STDINT_H 1
| #define HAVE_UNISTD_H 1
| #define __EXTENSIONS__ 1
| #define _ALL_SOURCE 1
| #define _GNU_SOURCE 1
| #define _POSIX_PTHREAD_SEMANTICS 1
| #define _TANDEM_SOURCE 1
| #define HAVE_DLFCN_H 1
| #define LT_OBJDIR ".libs/"
| #define HAVE_WARNING_CPP_DIRECTIVE 1
| #define HAVE_DIRENT_H 1
| #define STDC_HEADERS 1
| #define HAVE_FCNTL_H 1
| #define HAVE_STDLIB_H 1
| #define HAVE_STRING_H 1
| #define HAVE_UNISTD_H 1
| #define HAVE_SYS_STATVFS_H 1
| /* end confdefs.h.  */
| #include <sys/vfs.h>
configure:13925: result: no
configure:13925: checking for sys/vfs.h
configure:13925: result: no
configure:13925: checking sys/statfs.h usability
configure:13925: gcc -c -g -O2  conftest.c >&5
conftest.c:69:10: fatal error: 'sys/statfs.h' file not found
#include <sys/statfs.h>
         ^
1 error generated.
configure:13925: $? = 1
configure: failed program was:
| /* confdefs.h */
| #define PACKAGE_NAME "fontconfig"
| #define PACKAGE_TARNAME "fontconfig"
| #define PACKAGE_VERSION "2.12.1"
| #define PACKAGE_STRING "fontconfig 2.12.1"
| #define PACKAGE_BUGREPORT "https://bugs.freedesktop.org/enter_bug.cgi?product=fontconfig"
| #define PACKAGE_URL ""
| #define PACKAGE "fontconfig"
| #define VERSION "2.12.1"
| #define STDC_HEADERS 1
| #define HAVE_SYS_TYPES_H 1
| #define HAVE_SYS_STAT_H 1
| #define HAVE_STDLIB_H 1
| #define HAVE_STRING_H 1
| #define HAVE_MEMORY_H 1
| #define HAVE_STRINGS_H 1
| #define HAVE_INTTYPES_H 1
| #define HAVE_STDINT_H 1
| #define HAVE_UNISTD_H 1
| #define __EXTENSIONS__ 1
| #define _ALL_SOURCE 1
| #define _GNU_SOURCE 1
| #define _POSIX_PTHREAD_SEMANTICS 1
| #define _TANDEM_SOURCE 1
| #define HAVE_DLFCN_H 1
| #define LT_OBJDIR ".libs/"
| #define HAVE_WARNING_CPP_DIRECTIVE 1
| #define HAVE_DIRENT_H 1
| #define STDC_HEADERS 1
| #define HAVE_FCNTL_H 1
| #define HAVE_STDLIB_H 1
| #define HAVE_STRING_H 1
| #define HAVE_UNISTD_H 1
| #define HAVE_SYS_STATVFS_H 1
| /* end confdefs.h.  */
| #include <stdio.h>
| #ifdef HAVE_SYS_TYPES_H
| # include <sys/types.h>
| #endif
| #ifdef HAVE_SYS_STAT_H
| # include <sys/stat.h>
| #endif
| #ifdef STDC_HEADERS
| # include <stdlib.h>
| # include <stddef.h>
| #else
| # ifdef HAVE_STDLIB_H
| #  include <stdlib.h>
| # endif
| #endif
| #ifdef HAVE_STRING_H
| # if !defined STDC_HEADERS && defined HAVE_MEMORY_H
| #  include <memory.h>
| # endif
| # include <string.h>
| #endif
| #ifdef HAVE_STRINGS_H
| # include <strings.h>
| #endif
| #ifdef HAVE_INTTYPES_H
| # include <inttypes.h>
| #endif
| #ifdef HAVE_STDINT_H
| # include <stdint.h>
| #endif
| #ifdef HAVE_UNISTD_H
| # include <unistd.h>
| #endif
| #include <sys/statfs.h>
configure:13925: result: no
configure:13925: checking sys/statfs.h presence
configure:13925: gcc -E  conftest.c
conftest.c:36:10: fatal error: 'sys/statfs.h' file not found
#include <sys/statfs.h>
         ^
1 error generated.
configure:13925: $? = 1
configure: failed program was:
| /* confdefs.h */
| #define PACKAGE_NAME "fontconfig"
| #define PACKAGE_TARNAME "fontconfig"
| #define PACKAGE_VERSION "2.12.1"
| #define PACKAGE_STRING "fontconfig 2.12.1"
| #define PACKAGE_BUGREPORT "https://bugs.freedesktop.org/enter_bug.cgi?product=fontconfig"
| #define PACKAGE_URL ""
| #define PACKAGE "fontconfig"
| #define VERSION "2.12.1"
| #define STDC_HEADERS 1
| #define HAVE_SYS_TYPES_H 1
| #define HAVE_SYS_STAT_H 1
| #define HAVE_STDLIB_H 1
| #define HAVE_STRING_H 1
| #define HAVE_MEMORY_H 1
| #define HAVE_STRINGS_H 1
| #define HAVE_INTTYPES_H 1
| #define HAVE_STDINT_H 1
| #define HAVE_UNISTD_H 1
| #define __EXTENSIONS__ 1
| #define _ALL_SOURCE 1
| #define _GNU_SOURCE 1
| #define _POSIX_PTHREAD_SEMANTICS 1
| #define _TANDEM_SOURCE 1
| #define HAVE_DLFCN_H 1
| #define LT_OBJDIR ".libs/"
| #define HAVE_WARNING_CPP_DIRECTIVE 1
| #define HAVE_DIRENT_H 1
| #define STDC_HEADERS 1
| #define HAVE_FCNTL_H 1
| #define HAVE_STDLIB_H 1
| #define HAVE_STRING_H 1
| #define HAVE_UNISTD_H 1
| #define HAVE_SYS_STATVFS_H 1
| /* end confdefs.h.  */
| #include <sys/statfs.h>
configure:13925: result: no
configure:13925: checking for sys/statfs.h
configure:13925: result: no
configure:13925: checking sys/param.h usability
configure:13925: gcc -c -g -O2  conftest.c >&5
configure:13925: $? = 0
configure:13925: result: yes
configure:13925: checking sys/param.h presence
configure:13925: gcc -E  conftest.c
configure:13925: $? = 0
configure:13925: result: yes
configure:13925: checking for sys/param.h
configure:13925: result: yes
configure:13925: checking sys/mount.h usability
configure:13925: gcc -c -g -O2  conftest.c >&5
configure:13925: $? = 0
configure:13925: result: yes
configure:13925: checking sys/mount.h presence
configure:13925: gcc -E  conftest.c
configure:13925: $? = 0
configure:13925: result: yes
configure:13925: checking for sys/mount.h
configure:13925: result: yes
configure:13936: checking for stdint types
configure:13959: gcc -c   conftest.c >&5
configure:13959: $? = 0
configure:14003: result: stdint.h (shortcircuit)
configure:14390: result: make use of stdint.h in src/fcstdint.h (assuming C99 compatible system)
configure:14399: checking for an ANSI C-conforming const
configure:14465: gcc -c -g -O2  conftest.c >&5
configure:14465: $? = 0
configure:14472: result: yes
configure:14480: checking for inline
configure:14496: gcc -c -g -O2  conftest.c >&5
configure:14496: $? = 0
configure:14504: result: inline
configure:14523: checking for flexible array members
configure:14546: gcc -c -g -O2  conftest.c >&5
configure:14546: $? = 0
configure:14553: result: yes
configure:14564: checking for pid_t
configure:14564: gcc -c -g -O2  conftest.c >&5
configure:14564: $? = 0
configure:14564: gcc -c -g -O2  conftest.c >&5
conftest.c:75:20: error: expected expression
if (sizeof ((pid_t)))
                   ^
1 error generated.
configure:14564: $? = 1
configure: failed program was:
| /* confdefs.h */
| #define PACKAGE_NAME "fontconfig"
| #define PACKAGE_TARNAME "fontconfig"
| #define PACKAGE_VERSION "2.12.1"
| #define PACKAGE_STRING "fontconfig 2.12.1"
| #define PACKAGE_BUGREPORT "https://bugs.freedesktop.org/enter_bug.cgi?product=fontconfig"
| #define PACKAGE_URL ""
| #define PACKAGE "fontconfig"
| #define VERSION "2.12.1"
| #define STDC_HEADERS 1
| #define HAVE_SYS_TYPES_H 1
| #define HAVE_SYS_STAT_H 1
| #define HAVE_STDLIB_H 1
| #define HAVE_STRING_H 1
| #define HAVE_MEMORY_H 1
| #define HAVE_STRINGS_H 1
| #define HAVE_INTTYPES_H 1
| #define HAVE_STDINT_H 1
| #define HAVE_UNISTD_H 1
| #define __EXTENSIONS__ 1
| #define _ALL_SOURCE 1
| #define _GNU_SOURCE 1
| #define _POSIX_PTHREAD_SEMANTICS 1
| #define _TANDEM_SOURCE 1
| #define HAVE_DLFCN_H 1
| #define LT_OBJDIR ".libs/"
| #define HAVE_WARNING_CPP_DIRECTIVE 1
| #define HAVE_DIRENT_H 1
| #define STDC_HEADERS 1
| #define HAVE_FCNTL_H 1
| #define HAVE_STDLIB_H 1
| #define HAVE_STRING_H 1
| #define HAVE_UNISTD_H 1
| #define HAVE_SYS_STATVFS_H 1
| #define HAVE_SYS_PARAM_H 1
| #define HAVE_SYS_MOUNT_H 1
| #define FLEXIBLE_ARRAY_MEMBER /**/
| /* end confdefs.h.  */
| #include <stdio.h>
| #ifdef HAVE_SYS_TYPES_H
| # include <sys/types.h>
| #endif
| #ifdef HAVE_SYS_STAT_H
| # include <sys/stat.h>
| #endif
| #ifdef STDC_HEADERS
| # include <stdlib.h>
| # include <stddef.h>
| #else
| # ifdef HAVE_STDLIB_H
| #  include <stdlib.h>
| # endif
| #endif
| #ifdef HAVE_STRING_H
| # if !defined STDC_HEADERS && defined HAVE_MEMORY_H
| #  include <memory.h>
| # endif
| # include <string.h>
| #endif
| #ifdef HAVE_STRINGS_H
| # include <strings.h>
| #endif
| #ifdef HAVE_INTTYPES_H
| # include <inttypes.h>
| #endif
| #ifdef HAVE_STDINT_H
| # include <stdint.h>
| #endif
| #ifdef HAVE_UNISTD_H
| # include <unistd.h>
| #endif
| int
| main ()
| {
| if (sizeof ((pid_t)))
| 	    return 0;
|   ;
|   return 0;
| }
configure:14564: result: yes
configure:14579: checking for vprintf
configure:14579: gcc -o conftest -g -O2   conftest.c  >&5
conftest.c:62:6: warning: incompatible redeclaration of library function 'vprintf' [-Wincompatible-library-redeclaration]
char vprintf ();
     ^
conftest.c:62:6: note: 'vprintf' is a builtin with type 'int (const char *, struct __va_list_tag *)'
1 warning generated.
configure:14579: $? = 0
configure:14579: result: yes
configure:14585: checking for _doprnt
configure:14585: gcc -o conftest -g -O2   conftest.c  >&5
Undefined symbols for architecture x86_64:
  "__doprnt", referenced from:
      _main in conftest-b4e6c3.o
ld: symbol(s) not found for architecture x86_64
clang: error: linker command failed with exit code 1 (use -v to see invocation)
configure:14585: $? = 1
configure: failed program was:
| /* confdefs.h */
| #define PACKAGE_NAME "fontconfig"
| #define PACKAGE_TARNAME "fontconfig"
| #define PACKAGE_VERSION "2.12.1"
| #define PACKAGE_STRING "fontconfig 2.12.1"
| #define PACKAGE_BUGREPORT "https://bugs.freedesktop.org/enter_bug.cgi?product=fontconfig"
| #define PACKAGE_URL ""
| #define PACKAGE "fontconfig"
| #define VERSION "2.12.1"
| #define STDC_HEADERS 1
| #define HAVE_SYS_TYPES_H 1
| #define HAVE_SYS_STAT_H 1
| #define HAVE_STDLIB_H 1
| #define HAVE_STRING_H 1
| #define HAVE_MEMORY_H 1
| #define HAVE_STRINGS_H 1
| #define HAVE_INTTYPES_H 1
| #define HAVE_STDINT_H 1
| #define HAVE_UNISTD_H 1
| #define __EXTENSIONS__ 1
| #define _ALL_SOURCE 1
| #define _GNU_SOURCE 1
| #define _POSIX_PTHREAD_SEMANTICS 1
| #define _TANDEM_SOURCE 1
| #define HAVE_DLFCN_H 1
| #define LT_OBJDIR ".libs/"
| #define HAVE_WARNING_CPP_DIRECTIVE 1
| #define HAVE_DIRENT_H 1
| #define STDC_HEADERS 1
| #define HAVE_FCNTL_H 1
| #define HAVE_STDLIB_H 1
| #define HAVE_STRING_H 1
| #define HAVE_UNISTD_H 1
| #define HAVE_SYS_STATVFS_H 1
| #define HAVE_SYS_PARAM_H 1
| #define HAVE_SYS_MOUNT_H 1
| #define FLEXIBLE_ARRAY_MEMBER /**/
| #define HAVE_VPRINTF 1
| /* end confdefs.h.  */
| /* Define _doprnt to an innocuous variant, in case <limits.h> declares _doprnt.
|    For example, HP-UX 11i <limits.h> declares gettimeofday.  */
| #define _doprnt innocuous__doprnt
| 
| /* System header to define __stub macros and hopefully few prototypes,
|     which can conflict with char _doprnt (); below.
|     Prefer <limits.h> to <assert.h> if __STDC__ is defined, since
|     <limits.h> exists even on freestanding compilers.  */
| 
| #ifdef __STDC__
| # include <limits.h>
| #else
| # include <assert.h>
| #endif
| 
| #undef _doprnt
| 
| /* Override any GCC internal prototype to avoid an error.
|    Use char because int might match the return type of a GCC
|    builtin and then its argument prototype would still apply.  */
| #ifdef __cplusplus
| extern "C"
| #endif
| char _doprnt ();
| /* The GNU C library defines this for functions which it implements
|     to always fail with ENOSYS.  Some functions are actually named
|     something starting with __ and the normal name is an alias.  */
| #if defined __stub__doprnt || defined __stub____doprnt
| choke me
| #endif
| 
| int
| main ()
| {
| return _doprnt ();
|   ;
|   return 0;
| }
configure:14585: result: no
configure:14602: checking for stdlib.h
configure:14602: result: yes
configure:14602: checking for unistd.h
configure:14602: result: yes
configure:14602: checking for sys/param.h
configure:14602: result: yes
configure:14622: checking for getpagesize
configure:14622: gcc -o conftest -g -O2   conftest.c  >&5
configure:14622: $? = 0
configure:14622: result: yes
configure:14631: checking for working mmap
configure:14778: gcc -o conftest -g -O2   conftest.c  >&5
configure:14778: $? = 0
configure:14778: ./conftest
configure:14778: $? = 0
configure:14788: result: yes
configure:14800: checking for link
configure:14800: gcc -o conftest -g -O2   conftest.c  >&5
configure:14800: $? = 0
configure:14800: result: yes
configure:14800: checking for mkstemp
configure:14800: gcc -o conftest -g -O2   conftest.c  >&5
configure:14800: $? = 0
configure:14800: result: yes
configure:14800: checking for mkostemp
configure:14800: gcc -o conftest -g -O2   conftest.c  >&5
Undefined symbols for architecture x86_64:
  "_mkostemp", referenced from:
      _main in conftest-9612e2.o
ld: symbol(s) not found for architecture x86_64
clang: error: linker command failed with exit code 1 (use -v to see invocation)
configure:14800: $? = 1
configure: failed program was:
| /* confdefs.h */
| #define PACKAGE_NAME "fontconfig"
| #define PACKAGE_TARNAME "fontconfig"
| #define PACKAGE_VERSION "2.12.1"
| #define PACKAGE_STRING "fontconfig 2.12.1"
| #define PACKAGE_BUGREPORT "https://bugs.freedesktop.org/enter_bug.cgi?product=fontconfig"
| #define PACKAGE_URL ""
| #define PACKAGE "fontconfig"
| #define VERSION "2.12.1"
| #define STDC_HEADERS 1
| #define HAVE_SYS_TYPES_H 1
| #define HAVE_SYS_STAT_H 1
| #define HAVE_STDLIB_H 1
| #define HAVE_STRING_H 1
| #define HAVE_MEMORY_H 1
| #define HAVE_STRINGS_H 1
| #define HAVE_INTTYPES_H 1
| #define HAVE_STDINT_H 1
| #define HAVE_UNISTD_H 1
| #define __EXTENSIONS__ 1
| #define _ALL_SOURCE 1
| #define _GNU_SOURCE 1
| #define _POSIX_PTHREAD_SEMANTICS 1
| #define _TANDEM_SOURCE 1
| #define HAVE_DLFCN_H 1
| #define LT_OBJDIR ".libs/"
| #define HAVE_WARNING_CPP_DIRECTIVE 1
| #define HAVE_DIRENT_H 1
| #define STDC_HEADERS 1
| #define HAVE_FCNTL_H 1
| #define HAVE_STDLIB_H 1
| #define HAVE_STRING_H 1
| #define HAVE_UNISTD_H 1
| #define HAVE_SYS_STATVFS_H 1
| #define HAVE_SYS_PARAM_H 1
| #define HAVE_SYS_MOUNT_H 1
| #define FLEXIBLE_ARRAY_MEMBER /**/
| #define HAVE_VPRINTF 1
| #define HAVE_STDLIB_H 1
| #define HAVE_UNISTD_H 1
| #define HAVE_SYS_PARAM_H 1
| #define HAVE_GETPAGESIZE 1
| #define HAVE_MMAP 1
| #define HAVE_LINK 1
| #define HAVE_MKSTEMP 1
| /* end confdefs.h.  */
| /* Define mkostemp to an innocuous variant, in case <limits.h> declares mkostemp.
|    For example, HP-UX 11i <limits.h> declares gettimeofday.  */
| #define mkostemp innocuous_mkostemp
| 
| /* System header to define __stub macros and hopefully few prototypes,
|     which can conflict with char mkostemp (); below.
|     Prefer <limits.h> to <assert.h> if __STDC__ is defined, since
|     <limits.h> exists even on freestanding compilers.  */
| 
| #ifdef __STDC__
| # include <limits.h>
| #else
| # include <assert.h>
| #endif
| 
| #undef mkostemp
| 
| /* Override any GCC internal prototype to avoid an error.
|    Use char because int might match the return type of a GCC
|    builtin and then its argument prototype would still apply.  */
| #ifdef __cplusplus
| extern "C"
| #endif
| char mkostemp ();
| /* The GNU C library defines this for functions which it implements
|     to always fail with ENOSYS.  Some functions are actually named
|     something starting with __ and the normal name is an alias.  */
| #if defined __stub_mkostemp || defined __stub___mkostemp
| choke me
| #endif
| 
| int
| main ()
| {
| return mkostemp ();
|   ;
|   return 0;
| }
configure:14800: result: no
configure:14800: checking for _mktemp_s
configure:14800: gcc -o conftest -g -O2   conftest.c  >&5
Undefined symbols for architecture x86_64:
  "__mktemp_s", referenced from:
      _main in conftest-e23ae6.o
ld: symbol(s) not found for architecture x86_64
clang: error: linker command failed with exit code 1 (use -v to see invocation)
configure:14800: $? = 1
configure: failed program was:
| /* confdefs.h */
| #define PACKAGE_NAME "fontconfig"
| #define PACKAGE_TARNAME "fontconfig"
| #define PACKAGE_VERSION "2.12.1"
| #define PACKAGE_STRING "fontconfig 2.12.1"
| #define PACKAGE_BUGREPORT "https://bugs.freedesktop.org/enter_bug.cgi?product=fontconfig"
| #define PACKAGE_URL ""
| #define PACKAGE "fontconfig"
| #define VERSION "2.12.1"
| #define STDC_HEADERS 1
| #define HAVE_SYS_TYPES_H 1
| #define HAVE_SYS_STAT_H 1
| #define HAVE_STDLIB_H 1
| #define HAVE_STRING_H 1
| #define HAVE_MEMORY_H 1
| #define HAVE_STRINGS_H 1
| #define HAVE_INTTYPES_H 1
| #define HAVE_STDINT_H 1
| #define HAVE_UNISTD_H 1
| #define __EXTENSIONS__ 1
| #define _ALL_SOURCE 1
| #define _GNU_SOURCE 1
| #define _POSIX_PTHREAD_SEMANTICS 1
| #define _TANDEM_SOURCE 1
| #define HAVE_DLFCN_H 1
| #define LT_OBJDIR ".libs/"
| #define HAVE_WARNING_CPP_DIRECTIVE 1
| #define HAVE_DIRENT_H 1
| #define STDC_HEADERS 1
| #define HAVE_FCNTL_H 1
| #define HAVE_STDLIB_H 1
| #define HAVE_STRING_H 1
| #define HAVE_UNISTD_H 1
| #define HAVE_SYS_STATVFS_H 1
| #define HAVE_SYS_PARAM_H 1
| #define HAVE_SYS_MOUNT_H 1
| #define FLEXIBLE_ARRAY_MEMBER /**/
| #define HAVE_VPRINTF 1
| #define HAVE_STDLIB_H 1
| #define HAVE_UNISTD_H 1
| #define HAVE_SYS_PARAM_H 1
| #define HAVE_GETPAGESIZE 1
| #define HAVE_MMAP 1
| #define HAVE_LINK 1
| #define HAVE_MKSTEMP 1
| /* end confdefs.h.  */
| /* Define _mktemp_s to an innocuous variant, in case <limits.h> declares _mktemp_s.
|    For example, HP-UX 11i <limits.h> declares gettimeofday.  */
| #define _mktemp_s innocuous__mktemp_s
| 
| /* System header to define __stub macros and hopefully few prototypes,
|     which can conflict with char _mktemp_s (); below.
|     Prefer <limits.h> to <assert.h> if __STDC__ is defined, since
|     <limits.h> exists even on freestanding compilers.  */
| 
| #ifdef __STDC__
| # include <limits.h>
| #else
| # include <assert.h>
| #endif
| 
| #undef _mktemp_s
| 
| /* Override any GCC internal prototype to avoid an error.
|    Use char because int might match the return type of a GCC
|    builtin and then its argument prototype would still apply.  */
| #ifdef __cplusplus
| extern "C"
| #endif
| char _mktemp_s ();
| /* The GNU C library defines this for functions which it implements
|     to always fail with ENOSYS.  Some functions are actually named
|     something starting with __ and the normal name is an alias.  */
| #if defined __stub__mktemp_s || defined __stub____mktemp_s
| choke me
| #endif
| 
| int
| main ()
| {
| return _mktemp_s ();
|   ;
|   return 0;
| }
configure:14800: result: no
configure:14800: checking for mkdtemp
configure:14800: gcc -o conftest -g -O2   conftest.c  >&5
configure:14800: $? = 0
configure:14800: result: yes
configure:14800: checking for getopt
configure:14800: gcc -o conftest -g -O2   conftest.c  >&5
configure:14800: $? = 0
configure:14800: result: yes
configure:14800: checking for getopt_long
configure:14800: gcc -o conftest -g -O2   conftest.c  >&5
configure:14800: $? = 0
configure:14800: result: yes
configure:14800: checking for getprogname
configure:14800: gcc -o conftest -g -O2   conftest.c  >&5
configure:14800: $? = 0
configure:14800: result: yes
configure:14800: checking for getexecname
configure:14800: gcc -o conftest -g -O2   conftest.c  >&5
Undefined symbols for architecture x86_64:
  "_getexecname", referenced from:
      _main in conftest-50fd36.o
ld: symbol(s) not found for architecture x86_64
clang: error: linker command failed with exit code 1 (use -v to see invocation)
configure:14800: $? = 1
configure: failed program was:
| /* confdefs.h */
| #define PACKAGE_NAME "fontconfig"
| #define PACKAGE_TARNAME "fontconfig"
| #define PACKAGE_VERSION "2.12.1"
| #define PACKAGE_STRING "fontconfig 2.12.1"
| #define PACKAGE_BUGREPORT "https://bugs.freedesktop.org/enter_bug.cgi?product=fontconfig"
| #define PACKAGE_URL ""
| #define PACKAGE "fontconfig"
| #define VERSION "2.12.1"
| #define STDC_HEADERS 1
| #define HAVE_SYS_TYPES_H 1
| #define HAVE_SYS_STAT_H 1
| #define HAVE_STDLIB_H 1
| #define HAVE_STRING_H 1
| #define HAVE_MEMORY_H 1
| #define HAVE_STRINGS_H 1
| #define HAVE_INTTYPES_H 1
| #define HAVE_STDINT_H 1
| #define HAVE_UNISTD_H 1
| #define __EXTENSIONS__ 1
| #define _ALL_SOURCE 1
| #define _GNU_SOURCE 1
| #define _POSIX_PTHREAD_SEMANTICS 1
| #define _TANDEM_SOURCE 1
| #define HAVE_DLFCN_H 1
| #define LT_OBJDIR ".libs/"
| #define HAVE_WARNING_CPP_DIRECTIVE 1
| #define HAVE_DIRENT_H 1
| #define STDC_HEADERS 1
| #define HAVE_FCNTL_H 1
| #define HAVE_STDLIB_H 1
| #define HAVE_STRING_H 1
| #define HAVE_UNISTD_H 1
| #define HAVE_SYS_STATVFS_H 1
| #define HAVE_SYS_PARAM_H 1
| #define HAVE_SYS_MOUNT_H 1
| #define FLEXIBLE_ARRAY_MEMBER /**/
| #define HAVE_VPRINTF 1
| #define HAVE_STDLIB_H 1
| #define HAVE_UNISTD_H 1
| #define HAVE_SYS_PARAM_H 1
| #define HAVE_GETPAGESIZE 1
| #define HAVE_MMAP 1
| #define HAVE_LINK 1
| #define HAVE_MKSTEMP 1
| #define HAVE_MKDTEMP 1
| #define HAVE_GETOPT 1
| #define HAVE_GETOPT_LONG 1
| #define HAVE_GETPROGNAME 1
| /* end confdefs.h.  */
| /* Define getexecname to an innocuous variant, in case <limits.h> declares getexecname.
|    For example, HP-UX 11i <limits.h> declares gettimeofday.  */
| #define getexecname innocuous_getexecname
| 
| /* System header to define __stub macros and hopefully few prototypes,
|     which can conflict with char getexecname (); below.
|     Prefer <limits.h> to <assert.h> if __STDC__ is defined, since
|     <limits.h> exists even on freestanding compilers.  */
| 
| #ifdef __STDC__
| # include <limits.h>
| #else
| # include <assert.h>
| #endif
| 
| #undef getexecname
| 
| /* Override any GCC internal prototype to avoid an error.
|    Use char because int might match the return type of a GCC
|    builtin and then its argument prototype would still apply.  */
| #ifdef __cplusplus
| extern "C"
| #endif
| char getexecname ();
| /* The GNU C library defines this for functions which it implements
|     to always fail with ENOSYS.  Some functions are actually named
|     something starting with __ and the normal name is an alias.  */
| #if defined __stub_getexecname || defined __stub___getexecname
| choke me
| #endif
| 
| int
| main ()
| {
| return getexecname ();
|   ;
|   return 0;
| }
configure:14800: result: no
configure:14800: checking for rand
configure:14800: gcc -o conftest -g -O2   conftest.c  >&5
configure:14800: $? = 0
configure:14800: result: yes
configure:14800: checking for random
configure:14800: gcc -o conftest -g -O2   conftest.c  >&5
configure:14800: $? = 0
configure:14800: result: yes
configure:14800: checking for lrand48
configure:14800: gcc -o conftest -g -O2   conftest.c  >&5
configure:14800: $? = 0
configure:14800: result: yes
configure:14800: checking for random_r
configure:14800: gcc -o conftest -g -O2   conftest.c  >&5
Undefined symbols for architecture x86_64:
  "_random_r", referenced from:
      _main in conftest-750475.o
ld: symbol(s) not found for architecture x86_64
clang: error: linker command failed with exit code 1 (use -v to see invocation)
configure:14800: $? = 1
configure: failed program was:
| /* confdefs.h */
| #define PACKAGE_NAME "fontconfig"
| #define PACKAGE_TARNAME "fontconfig"
| #define PACKAGE_VERSION "2.12.1"
| #define PACKAGE_STRING "fontconfig 2.12.1"
| #define PACKAGE_BUGREPORT "https://bugs.freedesktop.org/enter_bug.cgi?product=fontconfig"
| #define PACKAGE_URL ""
| #define PACKAGE "fontconfig"
| #define VERSION "2.12.1"
| #define STDC_HEADERS 1
| #define HAVE_SYS_TYPES_H 1
| #define HAVE_SYS_STAT_H 1
| #define HAVE_STDLIB_H 1
| #define HAVE_STRING_H 1
| #define HAVE_MEMORY_H 1
| #define HAVE_STRINGS_H 1
| #define HAVE_INTTYPES_H 1
| #define HAVE_STDINT_H 1
| #define HAVE_UNISTD_H 1
| #define __EXTENSIONS__ 1
| #define _ALL_SOURCE 1
| #define _GNU_SOURCE 1
| #define _POSIX_PTHREAD_SEMANTICS 1
| #define _TANDEM_SOURCE 1
| #define HAVE_DLFCN_H 1
| #define LT_OBJDIR ".libs/"
| #define HAVE_WARNING_CPP_DIRECTIVE 1
| #define HAVE_DIRENT_H 1
| #define STDC_HEADERS 1
| #define HAVE_FCNTL_H 1
| #define HAVE_STDLIB_H 1
| #define HAVE_STRING_H 1
| #define HAVE_UNISTD_H 1
| #define HAVE_SYS_STATVFS_H 1
| #define HAVE_SYS_PARAM_H 1
| #define HAVE_SYS_MOUNT_H 1
| #define FLEXIBLE_ARRAY_MEMBER /**/
| #define HAVE_VPRINTF 1
| #define HAVE_STDLIB_H 1
| #define HAVE_UNISTD_H 1
| #define HAVE_SYS_PARAM_H 1
| #define HAVE_GETPAGESIZE 1
| #define HAVE_MMAP 1
| #define HAVE_LINK 1
| #define HAVE_MKSTEMP 1
| #define HAVE_MKDTEMP 1
| #define HAVE_GETOPT 1
| #define HAVE_GETOPT_LONG 1
| #define HAVE_GETPROGNAME 1
| #define HAVE_RAND 1
| #define HAVE_RANDOM 1
| #define HAVE_LRAND48 1
| /* end confdefs.h.  */
| /* Define random_r to an innocuous variant, in case <limits.h> declares random_r.
|    For example, HP-UX 11i <limits.h> declares gettimeofday.  */
| #define random_r innocuous_random_r
| 
| /* System header to define __stub macros and hopefully few prototypes,
|     which can conflict with char random_r (); below.
|     Prefer <limits.h> to <assert.h> if __STDC__ is defined, since
|     <limits.h> exists even on freestanding compilers.  */
| 
| #ifdef __STDC__
| # include <limits.h>
| #else
| # include <assert.h>
| #endif
| 
| #undef random_r
| 
| /* Override any GCC internal prototype to avoid an error.
|    Use char because int might match the return type of a GCC
|    builtin and then its argument prototype would still apply.  */
| #ifdef __cplusplus
| extern "C"
| #endif
| char random_r ();
| /* The GNU C library defines this for functions which it implements
|     to always fail with ENOSYS.  Some functions are actually named
|     something starting with __ and the normal name is an alias.  */
| #if defined __stub_random_r || defined __stub___random_r
| choke me
| #endif
| 
| int
| main ()
| {
| return random_r ();
|   ;
|   return 0;
| }
configure:14800: result: no
configure:14800: checking for rand_r
configure:14800: gcc -o conftest -g -O2   conftest.c  >&5
configure:14800: $? = 0
configure:14800: result: yes
configure:14800: checking for readlink
configure:14800: gcc -o conftest -g -O2   conftest.c  >&5
configure:14800: $? = 0
configure:14800: result: yes
configure:14800: checking for fstatvfs
configure:14800: gcc -o conftest -g -O2   conftest.c  >&5
configure:14800: $? = 0
configure:14800: result: yes
configure:14800: checking for fstatfs
configure:14800: gcc -o conftest -g -O2   conftest.c  >&5
configure:14800: $? = 0
configure:14800: result: yes
configure:14800: checking for lstat
configure:14800: gcc -o conftest -g -O2   conftest.c  >&5
configure:14800: $? = 0
configure:14800: result: yes
configure:14810: checking for posix_fadvise in fcntl.h
configure:14840: result: no
configure:14854: checking for struct stat.st_mtim
configure:14854: gcc -c -g -O2  conftest.c >&5
conftest.c:66:13: error: no member named 'st_mtim' in 'struct stat'
if (ac_aggr.st_mtim)
    ~~~~~~~ ^
1 error generated.
configure:14854: $? = 1
configure: failed program was:
| /* confdefs.h */
| #define PACKAGE_NAME "fontconfig"
| #define PACKAGE_TARNAME "fontconfig"
| #define PACKAGE_VERSION "2.12.1"
| #define PACKAGE_STRING "fontconfig 2.12.1"
| #define PACKAGE_BUGREPORT "https://bugs.freedesktop.org/enter_bug.cgi?product=fontconfig"
| #define PACKAGE_URL ""
| #define PACKAGE "fontconfig"
| #define VERSION "2.12.1"
| #define STDC_HEADERS 1
| #define HAVE_SYS_TYPES_H 1
| #define HAVE_SYS_STAT_H 1
| #define HAVE_STDLIB_H 1
| #define HAVE_STRING_H 1
| #define HAVE_MEMORY_H 1
| #define HAVE_STRINGS_H 1
| #define HAVE_INTTYPES_H 1
| #define HAVE_STDINT_H 1
| #define HAVE_UNISTD_H 1
| #define __EXTENSIONS__ 1
| #define _ALL_SOURCE 1
| #define _GNU_SOURCE 1
| #define _POSIX_PTHREAD_SEMANTICS 1
| #define _TANDEM_SOURCE 1
| #define HAVE_DLFCN_H 1
| #define LT_OBJDIR ".libs/"
| #define HAVE_WARNING_CPP_DIRECTIVE 1
| #define HAVE_DIRENT_H 1
| #define STDC_HEADERS 1
| #define HAVE_FCNTL_H 1
| #define HAVE_STDLIB_H 1
| #define HAVE_STRING_H 1
| #define HAVE_UNISTD_H 1
| #define HAVE_SYS_STATVFS_H 1
| #define HAVE_SYS_PARAM_H 1
| #define HAVE_SYS_MOUNT_H 1
| #define FLEXIBLE_ARRAY_MEMBER /**/
| #define HAVE_VPRINTF 1
| #define HAVE_STDLIB_H 1
| #define HAVE_UNISTD_H 1
| #define HAVE_SYS_PARAM_H 1
| #define HAVE_GETPAGESIZE 1
| #define HAVE_MMAP 1
| #define HAVE_LINK 1
| #define HAVE_MKSTEMP 1
| #define HAVE_MKDTEMP 1
| #define HAVE_GETOPT 1
| #define HAVE_GETOPT_LONG 1
| #define HAVE_GETPROGNAME 1
| #define HAVE_RAND 1
| #define HAVE_RANDOM 1
| #define HAVE_LRAND48 1
| #define HAVE_RAND_R 1
| #define HAVE_READLINK 1
| #define HAVE_FSTATVFS 1
| #define HAVE_FSTATFS 1
| #define HAVE_LSTAT 1
| #define HAVE_POSIX_FADVISE 0
| /* end confdefs.h.  */
| #include <sys/stat.h>
| 
| int
| main ()
| {
| static struct stat ac_aggr;
| if (ac_aggr.st_mtim)
| return 0;
|   ;
|   return 0;
| }
configure:14854: gcc -c -g -O2  conftest.c >&5
conftest.c:66:20: error: no member named 'st_mtim' in 'struct stat'
if (sizeof ac_aggr.st_mtim)
           ~~~~~~~ ^
1 error generated.
configure:14854: $? = 1
configure: failed program was:
| /* confdefs.h */
| #define PACKAGE_NAME "fontconfig"
| #define PACKAGE_TARNAME "fontconfig"
| #define PACKAGE_VERSION "2.12.1"
| #define PACKAGE_STRING "fontconfig 2.12.1"
| #define PACKAGE_BUGREPORT "https://bugs.freedesktop.org/enter_bug.cgi?product=fontconfig"
| #define PACKAGE_URL ""
| #define PACKAGE "fontconfig"
| #define VERSION "2.12.1"
| #define STDC_HEADERS 1
| #define HAVE_SYS_TYPES_H 1
| #define HAVE_SYS_STAT_H 1
| #define HAVE_STDLIB_H 1
| #define HAVE_STRING_H 1
| #define HAVE_MEMORY_H 1
| #define HAVE_STRINGS_H 1
| #define HAVE_INTTYPES_H 1
| #define HAVE_STDINT_H 1
| #define HAVE_UNISTD_H 1
| #define __EXTENSIONS__ 1
| #define _ALL_SOURCE 1
| #define _GNU_SOURCE 1
| #define _POSIX_PTHREAD_SEMANTICS 1
| #define _TANDEM_SOURCE 1
| #define HAVE_DLFCN_H 1
| #define LT_OBJDIR ".libs/"
| #define HAVE_WARNING_CPP_DIRECTIVE 1
| #define HAVE_DIRENT_H 1
| #define STDC_HEADERS 1
| #define HAVE_FCNTL_H 1
| #define HAVE_STDLIB_H 1
| #define HAVE_STRING_H 1
| #define HAVE_UNISTD_H 1
| #define HAVE_SYS_STATVFS_H 1
| #define HAVE_SYS_PARAM_H 1
| #define HAVE_SYS_MOUNT_H 1
| #define FLEXIBLE_ARRAY_MEMBER /**/
| #define HAVE_VPRINTF 1
| #define HAVE_STDLIB_H 1
| #define HAVE_UNISTD_H 1
| #define HAVE_SYS_PARAM_H 1
| #define HAVE_GETPAGESIZE 1
| #define HAVE_MMAP 1
| #define HAVE_LINK 1
| #define HAVE_MKSTEMP 1
| #define HAVE_MKDTEMP 1
| #define HAVE_GETOPT 1
| #define HAVE_GETOPT_LONG 1
| #define HAVE_GETPROGNAME 1
| #define HAVE_RAND 1
| #define HAVE_RANDOM 1
| #define HAVE_LRAND48 1
| #define HAVE_RAND_R 1
| #define HAVE_READLINK 1
| #define HAVE_FSTATVFS 1
| #define HAVE_FSTATFS 1
| #define HAVE_LSTAT 1
| #define HAVE_POSIX_FADVISE 0
| /* end confdefs.h.  */
| #include <sys/stat.h>
| 
| int
| main ()
| {
| static struct stat ac_aggr;
| if (sizeof ac_aggr.st_mtim)
| return 0;
|   ;
|   return 0;
| }
configure:14854: result: no
configure:14868: checking for struct statvfs.f_basetype
configure:14868: gcc -c -g -O2  conftest.c >&5
conftest.c:66:13: error: no member named 'f_basetype' in 'struct statvfs'
if (ac_aggr.f_basetype)
    ~~~~~~~ ^
1 error generated.
configure:14868: $? = 1
configure: failed program was:
| /* confdefs.h */
| #define PACKAGE_NAME "fontconfig"
| #define PACKAGE_TARNAME "fontconfig"
| #define PACKAGE_VERSION "2.12.1"
| #define PACKAGE_STRING "fontconfig 2.12.1"
| #define PACKAGE_BUGREPORT "https://bugs.freedesktop.org/enter_bug.cgi?product=fontconfig"
| #define PACKAGE_URL ""
| #define PACKAGE "fontconfig"
| #define VERSION "2.12.1"
| #define STDC_HEADERS 1
| #define HAVE_SYS_TYPES_H 1
| #define HAVE_SYS_STAT_H 1
| #define HAVE_STDLIB_H 1
| #define HAVE_STRING_H 1
| #define HAVE_MEMORY_H 1
| #define HAVE_STRINGS_H 1
| #define HAVE_INTTYPES_H 1
| #define HAVE_STDINT_H 1
| #define HAVE_UNISTD_H 1
| #define __EXTENSIONS__ 1
| #define _ALL_SOURCE 1
| #define _GNU_SOURCE 1
| #define _POSIX_PTHREAD_SEMANTICS 1
| #define _TANDEM_SOURCE 1
| #define HAVE_DLFCN_H 1
| #define LT_OBJDIR ".libs/"
| #define HAVE_WARNING_CPP_DIRECTIVE 1
| #define HAVE_DIRENT_H 1
| #define STDC_HEADERS 1
| #define HAVE_FCNTL_H 1
| #define HAVE_STDLIB_H 1
| #define HAVE_STRING_H 1
| #define HAVE_UNISTD_H 1
| #define HAVE_SYS_STATVFS_H 1
| #define HAVE_SYS_PARAM_H 1
| #define HAVE_SYS_MOUNT_H 1
| #define FLEXIBLE_ARRAY_MEMBER /**/
| #define HAVE_VPRINTF 1
| #define HAVE_STDLIB_H 1
| #define HAVE_UNISTD_H 1
| #define HAVE_SYS_PARAM_H 1
| #define HAVE_GETPAGESIZE 1
| #define HAVE_MMAP 1
| #define HAVE_LINK 1
| #define HAVE_MKSTEMP 1
| #define HAVE_MKDTEMP 1
| #define HAVE_GETOPT 1
| #define HAVE_GETOPT_LONG 1
| #define HAVE_GETPROGNAME 1
| #define HAVE_RAND 1
| #define HAVE_RANDOM 1
| #define HAVE_LRAND48 1
| #define HAVE_RAND_R 1
| #define HAVE_READLINK 1
| #define HAVE_FSTATVFS 1
| #define HAVE_FSTATFS 1
| #define HAVE_LSTAT 1
| #define HAVE_POSIX_FADVISE 0
| /* end confdefs.h.  */
| #include <sys/statvfs.h>
| 
| int
| main ()
| {
| static struct statvfs ac_aggr;
| if (ac_aggr.f_basetype)
| return 0;
|   ;
|   return 0;
| }
configure:14868: gcc -c -g -O2  conftest.c >&5
conftest.c:66:20: error: no member named 'f_basetype' in 'struct statvfs'
if (sizeof ac_aggr.f_basetype)
           ~~~~~~~ ^
1 error generated.
configure:14868: $? = 1
configure: failed program was:
| /* confdefs.h */
| #define PACKAGE_NAME "fontconfig"
| #define PACKAGE_TARNAME "fontconfig"
| #define PACKAGE_VERSION "2.12.1"
| #define PACKAGE_STRING "fontconfig 2.12.1"
| #define PACKAGE_BUGREPORT "https://bugs.freedesktop.org/enter_bug.cgi?product=fontconfig"
| #define PACKAGE_URL ""
| #define PACKAGE "fontconfig"
| #define VERSION "2.12.1"
| #define STDC_HEADERS 1
| #define HAVE_SYS_TYPES_H 1
| #define HAVE_SYS_STAT_H 1
| #define HAVE_STDLIB_H 1
| #define HAVE_STRING_H 1
| #define HAVE_MEMORY_H 1
| #define HAVE_STRINGS_H 1
| #define HAVE_INTTYPES_H 1
| #define HAVE_STDINT_H 1
| #define HAVE_UNISTD_H 1
| #define __EXTENSIONS__ 1
| #define _ALL_SOURCE 1
| #define _GNU_SOURCE 1
| #define _POSIX_PTHREAD_SEMANTICS 1
| #define _TANDEM_SOURCE 1
| #define HAVE_DLFCN_H 1
| #define LT_OBJDIR ".libs/"
| #define HAVE_WARNING_CPP_DIRECTIVE 1
| #define HAVE_DIRENT_H 1
| #define STDC_HEADERS 1
| #define HAVE_FCNTL_H 1
| #define HAVE_STDLIB_H 1
| #define HAVE_STRING_H 1
| #define HAVE_UNISTD_H 1
| #define HAVE_SYS_STATVFS_H 1
| #define HAVE_SYS_PARAM_H 1
| #define HAVE_SYS_MOUNT_H 1
| #define FLEXIBLE_ARRAY_MEMBER /**/
| #define HAVE_VPRINTF 1
| #define HAVE_STDLIB_H 1
| #define HAVE_UNISTD_H 1
| #define HAVE_SYS_PARAM_H 1
| #define HAVE_GETPAGESIZE 1
| #define HAVE_MMAP 1
| #define HAVE_LINK 1
| #define HAVE_MKSTEMP 1
| #define HAVE_MKDTEMP 1
| #define HAVE_GETOPT 1
| #define HAVE_GETOPT_LONG 1
| #define HAVE_GETPROGNAME 1
| #define HAVE_RAND 1
| #define HAVE_RANDOM 1
| #define HAVE_LRAND48 1
| #define HAVE_RAND_R 1
| #define HAVE_READLINK 1
| #define HAVE_FSTATVFS 1
| #define HAVE_FSTATFS 1
| #define HAVE_LSTAT 1
| #define HAVE_POSIX_FADVISE 0
| /* end confdefs.h.  */
| #include <sys/statvfs.h>
| 
| int
| main ()
| {
| static struct statvfs ac_aggr;
| if (sizeof ac_aggr.f_basetype)
| return 0;
|   ;
|   return 0;
| }
configure:14868: result: no
configure:14878: checking for struct statvfs.f_fstypename
configure:14878: gcc -c -g -O2  conftest.c >&5
conftest.c:66:13: error: no member named 'f_fstypename' in 'struct statvfs'
if (ac_aggr.f_fstypename)
    ~~~~~~~ ^
1 error generated.
configure:14878: $? = 1
configure: failed program was:
| /* confdefs.h */
| #define PACKAGE_NAME "fontconfig"
| #define PACKAGE_TARNAME "fontconfig"
| #define PACKAGE_VERSION "2.12.1"
| #define PACKAGE_STRING "fontconfig 2.12.1"
| #define PACKAGE_BUGREPORT "https://bugs.freedesktop.org/enter_bug.cgi?product=fontconfig"
| #define PACKAGE_URL ""
| #define PACKAGE "fontconfig"
| #define VERSION "2.12.1"
| #define STDC_HEADERS 1
| #define HAVE_SYS_TYPES_H 1
| #define HAVE_SYS_STAT_H 1
| #define HAVE_STDLIB_H 1
| #define HAVE_STRING_H 1
| #define HAVE_MEMORY_H 1
| #define HAVE_STRINGS_H 1
| #define HAVE_INTTYPES_H 1
| #define HAVE_STDINT_H 1
| #define HAVE_UNISTD_H 1
| #define __EXTENSIONS__ 1
| #define _ALL_SOURCE 1
| #define _GNU_SOURCE 1
| #define _POSIX_PTHREAD_SEMANTICS 1
| #define _TANDEM_SOURCE 1
| #define HAVE_DLFCN_H 1
| #define LT_OBJDIR ".libs/"
| #define HAVE_WARNING_CPP_DIRECTIVE 1
| #define HAVE_DIRENT_H 1
| #define STDC_HEADERS 1
| #define HAVE_FCNTL_H 1
| #define HAVE_STDLIB_H 1
| #define HAVE_STRING_H 1
| #define HAVE_UNISTD_H 1
| #define HAVE_SYS_STATVFS_H 1
| #define HAVE_SYS_PARAM_H 1
| #define HAVE_SYS_MOUNT_H 1
| #define FLEXIBLE_ARRAY_MEMBER /**/
| #define HAVE_VPRINTF 1
| #define HAVE_STDLIB_H 1
| #define HAVE_UNISTD_H 1
| #define HAVE_SYS_PARAM_H 1
| #define HAVE_GETPAGESIZE 1
| #define HAVE_MMAP 1
| #define HAVE_LINK 1
| #define HAVE_MKSTEMP 1
| #define HAVE_MKDTEMP 1
| #define HAVE_GETOPT 1
| #define HAVE_GETOPT_LONG 1
| #define HAVE_GETPROGNAME 1
| #define HAVE_RAND 1
| #define HAVE_RANDOM 1
| #define HAVE_LRAND48 1
| #define HAVE_RAND_R 1
| #define HAVE_READLINK 1
| #define HAVE_FSTATVFS 1
| #define HAVE_FSTATFS 1
| #define HAVE_LSTAT 1
| #define HAVE_POSIX_FADVISE 0
| /* end confdefs.h.  */
| #include <sys/statvfs.h>
| 
| int
| main ()
| {
| static struct statvfs ac_aggr;
| if (ac_aggr.f_fstypename)
| return 0;
|   ;
|   return 0;
| }
configure:14878: gcc -c -g -O2  conftest.c >&5
conftest.c:66:20: error: no member named 'f_fstypename' in 'struct statvfs'
if (sizeof ac_aggr.f_fstypename)
           ~~~~~~~ ^
1 error generated.
configure:14878: $? = 1
configure: failed program was:
| /* confdefs.h */
| #define PACKAGE_NAME "fontconfig"
| #define PACKAGE_TARNAME "fontconfig"
| #define PACKAGE_VERSION "2.12.1"
| #define PACKAGE_STRING "fontconfig 2.12.1"
| #define PACKAGE_BUGREPORT "https://bugs.freedesktop.org/enter_bug.cgi?product=fontconfig"
| #define PACKAGE_URL ""
| #define PACKAGE "fontconfig"
| #define VERSION "2.12.1"
| #define STDC_HEADERS 1
| #define HAVE_SYS_TYPES_H 1
| #define HAVE_SYS_STAT_H 1
| #define HAVE_STDLIB_H 1
| #define HAVE_STRING_H 1
| #define HAVE_MEMORY_H 1
| #define HAVE_STRINGS_H 1
| #define HAVE_INTTYPES_H 1
| #define HAVE_STDINT_H 1
| #define HAVE_UNISTD_H 1
| #define __EXTENSIONS__ 1
| #define _ALL_SOURCE 1
| #define _GNU_SOURCE 1
| #define _POSIX_PTHREAD_SEMANTICS 1
| #define _TANDEM_SOURCE 1
| #define HAVE_DLFCN_H 1
| #define LT_OBJDIR ".libs/"
| #define HAVE_WARNING_CPP_DIRECTIVE 1
| #define HAVE_DIRENT_H 1
| #define STDC_HEADERS 1
| #define HAVE_FCNTL_H 1
| #define HAVE_STDLIB_H 1
| #define HAVE_STRING_H 1
| #define HAVE_UNISTD_H 1
| #define HAVE_SYS_STATVFS_H 1
| #define HAVE_SYS_PARAM_H 1
| #define HAVE_SYS_MOUNT_H 1
| #define FLEXIBLE_ARRAY_MEMBER /**/
| #define HAVE_VPRINTF 1
| #define HAVE_STDLIB_H 1
| #define HAVE_UNISTD_H 1
| #define HAVE_SYS_PARAM_H 1
| #define HAVE_GETPAGESIZE 1
| #define HAVE_MMAP 1
| #define HAVE_LINK 1
| #define HAVE_MKSTEMP 1
| #define HAVE_MKDTEMP 1
| #define HAVE_GETOPT 1
| #define HAVE_GETOPT_LONG 1
| #define HAVE_GETPROGNAME 1
| #define HAVE_RAND 1
| #define HAVE_RANDOM 1
| #define HAVE_LRAND48 1
| #define HAVE_RAND_R 1
| #define HAVE_READLINK 1
| #define HAVE_FSTATVFS 1
| #define HAVE_FSTATFS 1
| #define HAVE_LSTAT 1
| #define HAVE_POSIX_FADVISE 0
| /* end confdefs.h.  */
| #include <sys/statvfs.h>
| 
| int
| main ()
| {
| static struct statvfs ac_aggr;
| if (sizeof ac_aggr.f_fstypename)
| return 0;
|   ;
|   return 0;
| }
configure:14878: result: no
configure:14891: checking for struct statfs.f_flags
configure:14891: gcc -c -g -O2  conftest.c >&5
configure:14891: $? = 0
configure:14891: result: yes
configure:14913: checking for struct statfs.f_fstypename
configure:14913: gcc -c -g -O2  conftest.c >&5
conftest.c:79:13: warning: address of array 'ac_aggr.f_fstypename' will always evaluate to 'true' [-Wpointer-bool-conversion]
if (ac_aggr.f_fstypename)
~~  ~~~~~~~~^~~~~~~~~~~~
1 warning generated.
configure:14913: $? = 0
configure:14913: result: yes
configure:14937: checking for struct dirent.d_type
configure:14937: gcc -c -g -O2  conftest.c >&5
configure:14937: $? = 0
configure:14937: result: yes
configure:15082: checking for FREETYPE
configure:15089: $PKG_CONFIG --exists --print-errors "freetype2"
configure:15092: $? = 0
configure:15106: $PKG_CONFIG --exists --print-errors "freetype2"
configure:15109: $? = 0
configure:15167: result: yes
configure:15183: checking for FT_Get_Next_Char
configure:15183: gcc -o conftest -g -O2 -I/Users/stevevarga/Desktop/Cinder/blocks/Cinder-Typography/build/build/include/freetype2   conftest.c  -L/Users/stevevarga/Desktop/Cinder/blocks/Cinder-Typography/build/build/lib -lfreetype >&5
configure:15183: $? = 0
configure:15183: result: yes
configure:15183: checking for FT_Get_BDF_Property
configure:15183: gcc -o conftest -g -O2 -I/Users/stevevarga/Desktop/Cinder/blocks/Cinder-Typography/build/build/include/freetype2   conftest.c  -L/Users/stevevarga/Desktop/Cinder/blocks/Cinder-Typography/build/build/lib -lfreetype >&5
configure:15183: $? = 0
configure:15183: result: yes
configure:15183: checking for FT_Get_PS_Font_Info
configure:15183: gcc -o conftest -g -O2 -I/Users/stevevarga/Desktop/Cinder/blocks/Cinder-Typography/build/build/include/freetype2   conftest.c  -L/Users/stevevarga/Desktop/Cinder/blocks/Cinder-Typography/build/build/lib -lfreetype >&5
configure:15183: $? = 0
configure:15183: result: yes
configure:15183: checking for FT_Has_PS_Glyph_Names
configure:15183: gcc -o conftest -g -O2 -I/Users/stevevarga/Desktop/Cinder/blocks/Cinder-Typography/build/build/include/freetype2   conftest.c  -L/Users/stevevarga/Desktop/Cinder/blocks/Cinder-Typography/build/build/lib -lfreetype >&5
configure:15183: $? = 0
configure:15183: result: yes
configure:15183: checking for FT_Get_X11_Font_Format
configure:15183: gcc -o conftest -g -O2 -I/Users/stevevarga/Desktop/Cinder/blocks/Cinder-Typography/build/build/include/freetype2   conftest.c  -L/Users/stevevarga/Desktop/Cinder/blocks/Cinder-Typography/build/build/lib -lfreetype >&5
configure:15183: $? = 0
configure:15183: result: yes
configure:15183: checking for FT_Select_Size
configure:15183: gcc -o conftest -g -O2 -I/Users/stevevarga/Desktop/Cinder/blocks/Cinder-Typography/build/build/include/freetype2   conftest.c  -L/Users/stevevarga/Desktop/Cinder/blocks/Cinder-Typography/build/build/lib -lfreetype >&5
configure:15183: $? = 0
configure:15183: result: yes
configure:15192: checking for FT_Bitmap_Size.y_ppem
configure:15192: gcc -c -g -O2 -I/Users/stevevarga/Desktop/Cinder/blocks/Cinder-Typography/build/build/include/freetype2  conftest.c >&5
configure:15192: $? = 0
configure:15192: result: yes
configure:15206: checking for TT_OS2.usLowerOpticalPointSize
configure:15206: gcc -c -g -O2 -I/Users/stevevarga/Desktop/Cinder/blocks/Cinder-Typography/build/build/include/freetype2  conftest.c >&5
configure:15206: $? = 0
configure:15206: result: yes
configure:15219: checking for TT_OS2.usUpperOpticalPointSize
configure:15219: gcc -c -g -O2 -I/Users/stevevarga/Desktop/Cinder/blocks/Cinder-Typography/build/build/include/freetype2  conftest.c >&5
configure:15219: $? = 0
configure:15219: result: yes
configure:15269: checking for EXPAT
configure:15276: $PKG_CONFIG --exists --print-errors "expat"
Package expat was not found in the pkg-config search path.
Perhaps you should add the directory containing `expat.pc'
to the PKG_CONFIG_PATH environment variable
No package 'expat' found
configure:15279: $? = 1
configure:15293: $PKG_CONFIG --exists --print-errors "expat"
Package expat was not found in the pkg-config search path.
Perhaps you should add the directory containing `expat.pc'
to the PKG_CONFIG_PATH environment variable
No package 'expat' found
configure:15296: $? = 1
configure:15310: result: no
No package 'expat' found
configure:15365: checking expat.h usability
configure:15365: gcc -c -g -O2   conftest.c >&5
configure:15365: $? = 0
configure:15365: result: yes
configure:15365: checking expat.h presence
configure:15365: gcc -E   conftest.c
configure:15365: $? = 0
configure:15365: result: yes
configure:15365: checking for expat.h
configure:15365: result: yes
configure:15393: checking for XML_SetDoctypeDeclHandler
configure:15393: gcc -o conftest -g -O2    conftest.c  -lexpat >&5
configure:15393: $? = 0
configure:15393: result: yes
configure:15794: checking for Intel atomic primitives
configure:15817: gcc -o conftest -g -O2   conftest.c  >&5
configure:15817: $? = 0
configure:15825: result: true
configure:15833: checking for Solaris atomic operations
configure:15858: gcc -o conftest -g -O2   conftest.c  >&5
conftest.c:78:12: fatal error: 'atomic.h' file not found
                #include <atomic.h>
                         ^
1 error generated.
configure:15858: $? = 1
configure: failed program was:
| /* confdefs.h */
| #define PACKAGE_NAME "fontconfig"
| #define PACKAGE_TARNAME "fontconfig"
| #define PACKAGE_VERSION "2.12.1"
| #define PACKAGE_STRING "fontconfig 2.12.1"
| #define PACKAGE_BUGREPORT "https://bugs.freedesktop.org/enter_bug.cgi?product=fontconfig"
| #define PACKAGE_URL ""
| #define PACKAGE "fontconfig"
| #define VERSION "2.12.1"
| #define STDC_HEADERS 1
| #define HAVE_SYS_TYPES_H 1
| #define HAVE_SYS_STAT_H 1
| #define HAVE_STDLIB_H 1
| #define HAVE_STRING_H 1
| #define HAVE_MEMORY_H 1
| #define HAVE_STRINGS_H 1
| #define HAVE_INTTYPES_H 1
| #define HAVE_STDINT_H 1
| #define HAVE_UNISTD_H 1
| #define __EXTENSIONS__ 1
| #define _ALL_SOURCE 1
| #define _GNU_SOURCE 1
| #define _POSIX_PTHREAD_SEMANTICS 1
| #define _TANDEM_SOURCE 1
| #define HAVE_DLFCN_H 1
| #define LT_OBJDIR ".libs/"
| #define HAVE_WARNING_CPP_DIRECTIVE 1
| #define HAVE_DIRENT_H 1
| #define STDC_HEADERS 1
| #define HAVE_FCNTL_H 1
| #define HAVE_STDLIB_H 1
| #define HAVE_STRING_H 1
| #define HAVE_UNISTD_H 1
| #define HAVE_SYS_STATVFS_H 1
| #define HAVE_SYS_PARAM_H 1
| #define HAVE_SYS_MOUNT_H 1
| #define FLEXIBLE_ARRAY_MEMBER /**/
| #define HAVE_VPRINTF 1
| #define HAVE_STDLIB_H 1
| #define HAVE_UNISTD_H 1
| #define HAVE_SYS_PARAM_H 1
| #define HAVE_GETPAGESIZE 1
| #define HAVE_MMAP 1
| #define HAVE_LINK 1
| #define HAVE_MKSTEMP 1
| #define HAVE_MKDTEMP 1
| #define HAVE_GETOPT 1
| #define HAVE_GETOPT_LONG 1
| #define HAVE_GETPROGNAME 1
| #define HAVE_RAND 1
| #define HAVE_RANDOM 1
| #define HAVE_LRAND48 1
| #define HAVE_RAND_R 1
| #define HAVE_READLINK 1
| #define HAVE_FSTATVFS 1
| #define HAVE_FSTATFS 1
| #define HAVE_LSTAT 1
| #define HAVE_POSIX_FADVISE 0
| #define HAVE_STRUCT_STATFS_F_FLAGS 1
| #define HAVE_STRUCT_STATFS_F_FSTYPENAME 1
| #define HAVE_STRUCT_DIRENT_D_TYPE 1
| #define USE_ICONV 0
| #define HAVE_FT_GET_NEXT_CHAR 1
| #define HAVE_FT_GET_BDF_PROPERTY 1
| #define HAVE_FT_GET_PS_FONT_INFO 1
| #define HAVE_FT_HAS_PS_GLYPH_NAMES 1
| #define HAVE_FT_GET_X11_FONT_FORMAT 1
| #define HAVE_FT_SELECT_SIZE 1
| #define HAVE_FT_BITMAP_SIZE_Y_PPEM 1
| #define HAVE_TT_OS2_USLOWEROPTICALPOINTSIZE 1
| #define HAVE_TT_OS2_USUPPEROPTICALPOINTSIZE 1
| #define HAVE_XML_SETDOCTYPEDECLHANDLER 1
| #define FC_DEFAULT_FONTS "/usr/share/fonts"
| #define FC_ADD_FONTS "yes"
| #define HAVE_INTEL_ATOMIC_PRIMITIVES 1
| /* end confdefs.h.  */
| 
| 		#include <atomic.h>
| 		/* This requires Solaris Studio 12.2 or newer: */
| 		#include <mbarrier.h>
| 		void memory_barrier (void) { __machine_rw_barrier (); }
| 		int atomic_add (volatile unsigned *i) { return atomic_add_int_nv (i, 1); }
| 		void *atomic_ptr_cmpxchg (volatile void **target, void *cmp, void *newval) { return atomic_cas_ptr (target, cmp, newval); }
| 
| int
| main ()
| {
| 
|   ;
|   return 0;
| }
configure:15866: result: false
configure:16066: checking if compiler needs -Werror to reject unknown flags
configure:16082: gcc -c -g -O2 -Werror -Wunknown-warning-option -Wsizeof-array-argument  conftest.c >&5
configure:16082: $? = 0
configure:16083: result: yes
configure:16103: checking whether pthreads work with -pthread
configure:16191: gcc -o conftest -g -O2 -pthread -Werror   conftest.c   >&5
configure:16191: $? = 0
configure:16200: result: yes
configure:16219: checking for joinable pthread attribute
configure:16234: gcc -o conftest -g -O2 -pthread   conftest.c   >&5
configure:16234: $? = 0
configure:16240: result: PTHREAD_CREATE_JOINABLE
configure:16250: checking if more special flags are required for pthreads
configure:16265: result: -D_THREAD_SAFE
configure:16271: checking for PTHREAD_PRIO_INHERIT
configure:16288: gcc -o conftest -g -O2 -pthread   conftest.c   >&5
configure:16288: $? = 0
configure:16297: result: yes
configure:16420: checking for docbook2html
configure:16448: result: no
configure:16510: checking whether byte ordering is bigendian
configure:16525: gcc -c -g -O2 -D_THREAD_SAFE -pthread  conftest.c >&5
configure:16525: $? = 0
configure:16570: gcc -c -g -O2 -D_THREAD_SAFE -pthread  conftest.c >&5
configure:16570: $? = 0
configure:16588: gcc -c -g -O2 -D_THREAD_SAFE -pthread  conftest.c >&5
conftest.c:86:4: error: use of undeclared identifier 'not'
                 not big endian
                 ^
1 error generated.
configure:16588: $? = 1
configure: failed program was:
| /* confdefs.h */
| #define PACKAGE_NAME "fontconfig"
| #define PACKAGE_TARNAME "fontconfig"
| #define PACKAGE_VERSION "2.12.1"
| #define PACKAGE_STRING "fontconfig 2.12.1"
| #define PACKAGE_BUGREPORT "https://bugs.freedesktop.org/enter_bug.cgi?product=fontconfig"
| #define PACKAGE_URL ""
| #define PACKAGE "fontconfig"
| #define VERSION "2.12.1"
| #define STDC_HEADERS 1
| #define HAVE_SYS_TYPES_H 1
| #define HAVE_SYS_STAT_H 1
| #define HAVE_STDLIB_H 1
| #define HAVE_STRING_H 1
| #define HAVE_MEMORY_H 1
| #define HAVE_STRINGS_H 1
| #define HAVE_INTTYPES_H 1
| #define HAVE_STDINT_H 1
| #define HAVE_UNISTD_H 1
| #define __EXTENSIONS__ 1
| #define _ALL_SOURCE 1
| #define _GNU_SOURCE 1
| #define _POSIX_PTHREAD_SEMANTICS 1
| #define _TANDEM_SOURCE 1
| #define HAVE_DLFCN_H 1
| #define LT_OBJDIR ".libs/"
| #define HAVE_WARNING_CPP_DIRECTIVE 1
| #define HAVE_DIRENT_H 1
| #define STDC_HEADERS 1
| #define HAVE_FCNTL_H 1
| #define HAVE_STDLIB_H 1
| #define HAVE_STRING_H 1
| #define HAVE_UNISTD_H 1
| #define HAVE_SYS_STATVFS_H 1
| #define HAVE_SYS_PARAM_H 1
| #define HAVE_SYS_MOUNT_H 1
| #define FLEXIBLE_ARRAY_MEMBER /**/
| #define HAVE_VPRINTF 1
| #define HAVE_STDLIB_H 1
| #define HAVE_UNISTD_H 1
| #define HAVE_SYS_PARAM_H 1
| #define HAVE_GETPAGESIZE 1
| #define HAVE_MMAP 1
| #define HAVE_LINK 1
| #define HAVE_MKSTEMP 1
| #define HAVE_MKDTEMP 1
| #define HAVE_GETOPT 1
| #define HAVE_GETOPT_LONG 1
| #define HAVE_GETPROGNAME 1
| #define HAVE_RAND 1
| #define HAVE_RANDOM 1
| #define HAVE_LRAND48 1
| #define HAVE_RAND_R 1
| #define HAVE_READLINK 1
| #define HAVE_FSTATVFS 1
| #define HAVE_FSTATFS 1
| #define HAVE_LSTAT 1
| #define HAVE_POSIX_FADVISE 0
| #define HAVE_STRUCT_STATFS_F_FLAGS 1
| #define HAVE_STRUCT_STATFS_F_FSTYPENAME 1
| #define HAVE_STRUCT_DIRENT_D_TYPE 1
| #define USE_ICONV 0
| #define HAVE_FT_GET_NEXT_CHAR 1
| #define HAVE_FT_GET_BDF_PROPERTY 1
| #define HAVE_FT_GET_PS_FONT_INFO 1
| #define HAVE_FT_HAS_PS_GLYPH_NAMES 1
| #define HAVE_FT_GET_X11_FONT_FORMAT 1
| #define HAVE_FT_SELECT_SIZE 1
| #define HAVE_FT_BITMAP_SIZE_Y_PPEM 1
| #define HAVE_TT_OS2_USLOWEROPTICALPOINTSIZE 1
| #define HAVE_TT_OS2_USUPPEROPTICALPOINTSIZE 1
| #define HAVE_XML_SETDOCTYPEDECLHANDLER 1
| #define FC_DEFAULT_FONTS "/usr/share/fonts"
| #define FC_ADD_FONTS "yes"
| #define HAVE_INTEL_ATOMIC_PRIMITIVES 1
| #define HAVE_PTHREAD_PRIO_INHERIT 1
| #define HAVE_PTHREAD 1
| /* end confdefs.h.  */
| #include <sys/types.h>
| 		#include <sys/param.h>
| 
| int
| main ()
| {
| #if BYTE_ORDER != BIG_ENDIAN
| 		 not big endian
| 		#endif
| 
|   ;
|   return 0;
| }
configure:16716: result: no
configure:16738: checking size of void *
configure:16743: gcc -o conftest -g -O2 -D_THREAD_SAFE -pthread   conftest.c   >&5
configure:16743: $? = 0
configure:16743: ./conftest
configure:16743: $? = 0
configure:16757: result: 8
configure:16769: checking alignment of double
configure:16774: gcc -o conftest -g -O2 -D_THREAD_SAFE -pthread   conftest.c   >&5
configure:16774: $? = 0
configure:16774: ./conftest
configure:16774: $? = 0
configure:16792: result: 8
configure:16804: checking alignment of void *
configure:16809: gcc -o conftest -g -O2 -D_THREAD_SAFE -pthread   conftest.c   >&5
configure:16809: $? = 0
configure:16809: ./conftest
configure:16809: $? = 0
configure:16827: result: 8
configure:16954: checking that generated files are newer than configure
configure:16960: result: done
configure:17016: creating ./config.status

## ---------------------- ##
## Running config.status. ##
## ---------------------- ##

This file was extended by fontconfig config.status 2.12.1, which was
generated by GNU Autoconf 2.69.  Invocation command line was

  CONFIG_FILES    = 
  CONFIG_HEADERS  = 
  CONFIG_LINKS    = 
  CONFIG_COMMANDS = 
  $ ./config.status 

on Stephens-MBP.fios-router.home

config.status:1249: creating Makefile
config.status:1249: creating fontconfig/Makefile
config.status:1249: creating fc-lang/Makefile
config.status:1249: creating fc-glyphname/Makefile
config.status:1249: creating fc-blanks/Makefile
config.status:1249: creating fc-case/Makefile
config.status:1249: creating src/Makefile
config.status:1249: creating conf.d/Makefile
config.status:1249: creating fc-cache/Makefile
config.status:1249: creating fc-cat/Makefile
config.status:1249: creating fc-list/Makefile
config.status:1249: creating fc-match/Makefile
config.status:1249: creating fc-pattern/Makefile
config.status:1249: creating fc-query/Makefile
config.status:1249: creating fc-scan/Makefile
config.status:1249: creating fc-validate/Makefile
config.status:1249: creating doc/Makefile
config.status:1249: creating doc/version.sgml
config.status:1249: creating test/Makefile
config.status:1249: creating fontconfig.spec
config.status:1249: creating fontconfig.pc
config.status:1249: creating fontconfig-zip
config.status:1249: creating config.h
config.status:1430: config.h is unchanged
config.status:1478: executing depfiles commands
config.status:1478: executing libtool commands
config.status:1478: executing src/fcstdint.h commands
config.status:2125: creating src/fcstdint.h : _FONTCONFIG_SRC_FCSTDINT_H
config.status:2557: src/fcstdint.h is unchanged

## ---------------- ##
## Cache variables. ##
## ---------------- ##

ac_cv_alignof_double=8
ac_cv_alignof_void_p=8
ac_cv_build=x86_64-apple-darwin15.6.0
ac_cv_c_bigendian=no
ac_cv_c_compiler_gnu=yes
ac_cv_c_const=yes
ac_cv_c_flexmember=yes
ac_cv_c_inline=inline
ac_cv_env_CC_FOR_BUILD_set=
ac_cv_env_CC_FOR_BUILD_value=
ac_cv_env_CC_set=
ac_cv_env_CC_value=
ac_cv_env_CFLAGS_set=
ac_cv_env_CFLAGS_value=
ac_cv_env_CPPFLAGS_set=
ac_cv_env_CPPFLAGS_value=
ac_cv_env_CPP_set=
ac_cv_env_CPP_value=
ac_cv_env_EXPAT_CFLAGS_set=
ac_cv_env_EXPAT_CFLAGS_value=
ac_cv_env_EXPAT_LIBS_set=
ac_cv_env_EXPAT_LIBS_value=
ac_cv_env_FREETYPE_CFLAGS_set=
ac_cv_env_FREETYPE_CFLAGS_value=
ac_cv_env_FREETYPE_LIBS_set=
ac_cv_env_FREETYPE_LIBS_value=
ac_cv_env_LDFLAGS_set=
ac_cv_env_LDFLAGS_value=
ac_cv_env_LIBS_set=
ac_cv_env_LIBS_value=
ac_cv_env_LIBXML2_CFLAGS_set=
ac_cv_env_LIBXML2_CFLAGS_value=
ac_cv_env_LIBXML2_LIBS_set=
ac_cv_env_LIBXML2_LIBS_value=
ac_cv_env_LT_SYS_LIBRARY_PATH_set=
ac_cv_env_LT_SYS_LIBRARY_PATH_value=
ac_cv_env_PKG_CONFIG_LIBDIR_set=
ac_cv_env_PKG_CONFIG_LIBDIR_value=
ac_cv_env_PKG_CONFIG_PATH_set=set
ac_cv_env_PKG_CONFIG_PATH_value=:/Users/stevevarga/Desktop/Cinder/blocks/Cinder-Typography/build/build/lib/pkgconfig/
ac_cv_env_PKG_CONFIG_set=
ac_cv_env_PKG_CONFIG_value=
ac_cv_env_PYTHON_set=
ac_cv_env_PYTHON_value=
ac_cv_env_build_alias_set=
ac_cv_env_build_alias_value=
ac_cv_env_host_alias_set=
ac_cv_env_host_alias_value=
ac_cv_env_target_alias_set=
ac_cv_env_target_alias_value=
ac_cv_func_FT_Get_BDF_Property=yes
ac_cv_func_FT_Get_Next_Char=yes
ac_cv_func_FT_Get_PS_Font_Info=yes
ac_cv_func_FT_Get_X11_Font_Format=yes
ac_cv_func_FT_Has_PS_Glyph_Names=yes
ac_cv_func_FT_Select_Size=yes
ac_cv_func_XML_SetDoctypeDeclHandler=yes
ac_cv_func__doprnt=no
ac_cv_func__mktemp_s=no
ac_cv_func_fstatfs=yes
ac_cv_func_fstatvfs=yes
ac_cv_func_getexecname=no
ac_cv_func_getopt=yes
ac_cv_func_getopt_long=yes
ac_cv_func_getpagesize=yes
ac_cv_func_getprogname=yes
ac_cv_func_link=yes
ac_cv_func_lrand48=yes
ac_cv_func_lstat=yes
ac_cv_func_mkdtemp=yes
ac_cv_func_mkostemp=no
ac_cv_func_mkstemp=yes
ac_cv_func_mmap_fixed_mapped=yes
ac_cv_func_rand=yes
ac_cv_func_rand_r=yes
ac_cv_func_random=yes
ac_cv_func_random_r=no
ac_cv_func_readlink=yes
ac_cv_func_vprintf=yes
ac_cv_have_decl___SUNPRO_C=no
ac_cv_header_dirent_dirent_h=yes
ac_cv_header_dlfcn_h=yes
ac_cv_header_expat_h=yes
ac_cv_header_fcntl_h=yes
ac_cv_header_inttypes_h=yes
ac_cv_header_memory_h=yes
ac_cv_header_minix_config_h=no
ac_cv_header_stdc=yes
ac_cv_header_stdint=stdint.h
ac_cv_header_stdint_h=yes
ac_cv_header_stdint_t=stdint.h
ac_cv_header_stdlib_h=yes
ac_cv_header_string_h=yes
ac_cv_header_strings_h=yes
ac_cv_header_sys_mount_h=yes
ac_cv_header_sys_param_h=yes
ac_cv_header_sys_stat_h=yes
ac_cv_header_sys_statfs_h=no
ac_cv_header_sys_statvfs_h=yes
ac_cv_header_sys_types_h=yes
ac_cv_header_sys_vfs_h=no
ac_cv_header_unistd_h=yes
ac_cv_host=x86_64-apple-darwin15.6.0
ac_cv_member_FT_Bitmap_Size_y_ppem=yes
ac_cv_member_TT_OS2_usLowerOpticalPointSize=yes
ac_cv_member_TT_OS2_usUpperOpticalPointSize=yes
ac_cv_member_struct_dirent_d_type=yes
ac_cv_member_struct_stat_st_mtim=no
ac_cv_member_struct_statfs_f_flags=yes
ac_cv_member_struct_statfs_f_fstypename=yes
ac_cv_member_struct_statvfs_f_basetype=no
ac_cv_member_struct_statvfs_f_fstypename=no
ac_cv_objext=o
ac_cv_path_EGREP='/usr/bin/grep -E'
ac_cv_path_FGREP='/usr/bin/grep -F'
ac_cv_path_GREP=/usr/bin/grep
ac_cv_path_PYTHON=/usr/bin/python
ac_cv_path_SED=/usr/bin/sed
ac_cv_path_ac_pt_PKG_CONFIG=/usr/local/bin/pkg-config
ac_cv_path_install='/usr/bin/install -c'
ac_cv_path_lt_DD=/bin/dd
ac_cv_prog_AWK=awk
ac_cv_prog_CPP='gcc -E'
ac_cv_prog_HASDOCBOOK=no
ac_cv_prog_ac_ct_AR=ar
ac_cv_prog_ac_ct_CC=gcc
ac_cv_prog_ac_ct_DSYMUTIL=dsymutil
ac_cv_prog_ac_ct_LIPO=lipo
ac_cv_prog_ac_ct_NMEDIT=nmedit
ac_cv_prog_ac_ct_OTOOL=otool
ac_cv_prog_ac_ct_RANLIB=ranlib
ac_cv_prog_ac_ct_STRIP=strip
ac_cv_prog_cc_c89=
ac_cv_prog_cc_g=yes
ac_cv_prog_make_make_set=yes
ac_cv_safe_to_define___extensions__=yes
ac_cv_search_opendir='none required'
ac_cv_sizeof_void_p=8
ac_cv_stdint_message='using gnu compiler Apple LLVM version 8.0.0 (clang-800.0.38)'
ac_cv_stdint_result='(assuming C99 compatible system)'
ac_cv_sys_file_offset_bits=no
ac_cv_sys_largefile_CC=no
ac_cv_type_pid_t=yes
am_cv_CC_dependencies_compiler_type=gcc3
am_cv_make_support_nested_variables=yes
am_cv_prog_cc_c_o=yes
am_cv_python_platform=darwin
am_cv_python_pyexecdir='${exec_prefix}/lib/python2.7/site-packages'
am_cv_python_pythondir='${prefix}/lib/python2.7/site-packages'
am_cv_python_version=2.7
ax_cv_PTHREAD_PRIO_INHERIT=yes
fc_cv_have_intel_atomic_primitives=true
fc_cv_have_solaris_atomic_ops=false
lt_cv_apple_cc_single_mod=yes
lt_cv_ar_at_file=no
lt_cv_deplibs_check_method=pass_all
lt_cv_file_magic_cmd='$MAGIC_CMD'
lt_cv_file_magic_test_file=
lt_cv_ld_exported_symbols_list=yes
lt_cv_ld_force_load=yes
lt_cv_ld_reload_flag=-r
lt_cv_nm_interface='BSD nm'
lt_cv_objdir=.libs
lt_cv_path_LD=/Applications/Xcode.app/Contents/Developer/Toolchains/XcodeDefault.xctoolchain/usr/bin/ld
lt_cv_path_NM='/usr/bin/nm -B'
lt_cv_path_mainfest_tool=no
lt_cv_prog_compiler_c_o=yes
lt_cv_prog_compiler_pic='-fno-common -DPIC'
lt_cv_prog_compiler_pic_works=yes
lt_cv_prog_compiler_rtti_exceptions=yes
lt_cv_prog_compiler_static_works=no
lt_cv_prog_gnu_ld=no
lt_cv_sharedlib_from_linklib_cmd='printf %s\n'
lt_cv_sys_global_symbol_pipe='sed -n -e '\''s/^.*[	 ]\([BCDEGRST][BCDEGRST]*\)[	 ][	 ]*_\([_A-Za-z][_A-Za-z0-9]*\)$/\1 _\2 \2/p'\'' | sed '\''/ __gnu_lto/d'\'''
lt_cv_sys_global_symbol_to_c_name_address='sed -n -e '\''s/^: \(.*\) .*$/  {"\1", (void *) 0},/p'\'' -e '\''s/^[BCDEGRST][BCDEGRST]* .* \(.*\)$/  {"\1", (void *) \&\1},/p'\'''
lt_cv_sys_global_symbol_to_c_name_address_lib_prefix='sed -n -e '\''s/^: \(.*\) .*$/  {"\1", (void *) 0},/p'\'' -e '\''s/^[BCDEGRST][BCDEGRST]* .* \(lib.*\)$/  {"\1", (void *) \&\1},/p'\'' -e '\''s/^[BCDEGRST][BCDEGRST]* .* \(.*\)$/  {"lib\1", (void *) \&\1},/p'\'''
lt_cv_sys_global_symbol_to_cdecl='sed -n -e '\''s/^T .* \(.*\)$/extern int \1();/p'\'' -e '\''s/^[BCDEGRST][BCDEGRST]* .* \(.*\)$/extern char \1;/p'\'''
lt_cv_sys_global_symbol_to_import=
lt_cv_sys_max_cmd_len=196608
lt_cv_to_host_file_cmd=func_convert_file_noop
lt_cv_to_tool_file_cmd=func_convert_file_noop
lt_cv_truncate_bin='/bin/dd bs=4096 count=1'
pkg_cv_FREETYPE_CFLAGS=-I/Users/stevevarga/Desktop/Cinder/blocks/Cinder-Typography/build/build/include/freetype2
pkg_cv_FREETYPE_LIBS='-L/Users/stevevarga/Desktop/Cinder/blocks/Cinder-Typography/build/build/lib -lfreetype'

## ----------------- ##
## Output variables. ##
## ----------------- ##

ACLOCAL='${SHELL} /Users/stevevarga/Desktop/Cinder/blocks/Cinder-Typography/build/source/fontconfig-2.12.1/missing aclocal-1.15'
AMDEPBACKSLASH='\'
AMDEP_FALSE='#'
AMDEP_TRUE=''
AMTAR='$${TAR-tar}'
AM_BACKSLASH='\'
AM_DEFAULT_V='$(AM_DEFAULT_VERBOSITY)'
AM_DEFAULT_VERBOSITY='0'
AM_V='$(V)'
AR='ar'
AS='as'
AUTOCONF='${SHELL} /Users/stevevarga/Desktop/Cinder/blocks/Cinder-Typography/build/source/fontconfig-2.12.1/missing autoconf'
AUTOHEADER='${SHELL} /Users/stevevarga/Desktop/Cinder/blocks/Cinder-Typography/build/source/fontconfig-2.12.1/missing autoheader'
AUTOMAKE='${SHELL} /Users/stevevarga/Desktop/Cinder/blocks/Cinder-Typography/build/source/fontconfig-2.12.1/missing automake-1.15'
AWK='awk'
BASECONFIGDIR='${sysconfdir}/fonts'
CC='gcc'
CCDEPMODE='depmode=gcc3'
CC_FOR_BUILD='$(CC)'
CFLAGS='-g -O2 -D_THREAD_SAFE -pthread'
CONFIGDIR='${BASECONFIGDIR}/conf.d'
CPP='gcc -E'
CPPFLAGS=''
CROSS_COMPILING_FALSE=''
CROSS_COMPILING_TRUE='#'
CYGPATH_W='echo'
DEFS='-DHAVE_CONFIG_H'
DEPDIR='.deps'
DLLTOOL='false'
DOCMAN3=''
DSYMUTIL='dsymutil'
DUMPBIN=''
ECHO_C='\c'
ECHO_N=''
ECHO_T=''
EGREP='/usr/bin/grep -E'
ENABLE_DOCS_FALSE=''
ENABLE_DOCS_TRUE='#'
ENABLE_SHARED_FALSE=''
ENABLE_SHARED_TRUE='#'
EXEEXT=''
EXEEXT_FOR_BUILD='$(EXEEXT)'
EXPAT_CFLAGS=''
EXPAT_LIBS='-lexpat'
FC_ADD_FONTS=''
FC_CACHEDIR='${localstatedir}/cache/${PACKAGE}'
FC_DEFAULT_FONTS='/usr/share/fonts'
FC_FONTDATE='Sat Sep 10 10:14:21 EDT 2016'
FC_FONTPATH=''
FGREP='/usr/bin/grep -F'
FREETYPE_CFLAGS='-I/Users/stevevarga/Desktop/Cinder/blocks/Cinder-Typography/build/build/include/freetype2'
FREETYPE_LIBS='-L/Users/stevevarga/Desktop/Cinder/blocks/Cinder-Typography/build/build/lib -lfreetype'
GIT='${SHELL} /Users/stevevarga/Desktop/Cinder/blocks/Cinder-Typography/build/source/fontconfig-2.12.1/missing git'
GPERF='${SHELL} /Users/stevevarga/Desktop/Cinder/blocks/Cinder-Typography/build/source/fontconfig-2.12.1/missing gperf'
GREP='/usr/bin/grep'
HASDOCBOOK='no'
HAVE_PTHREAD_FALSE='#'
HAVE_PTHREAD_TRUE=''
HAVE_PYTHON_FALSE='#'
HAVE_PYTHON_TRUE=''
HAVE_XMLPARSE_H=''
ICONV_CFLAGS=''
ICONV_LIBS=''
INSTALL_DATA='${INSTALL} -m 644'
INSTALL_PROGRAM='${INSTALL}'
INSTALL_SCRIPT='${INSTALL}'
INSTALL_STRIP_PROGRAM='$(install_sh) -c -s'
LD='/Applications/Xcode.app/Contents/Developer/Toolchains/XcodeDefault.xctoolchain/usr/bin/ld'
LDFLAGS=''
LIBOBJS=''
LIBS=' '
LIBTOOL='$(SHELL) $(top_builddir)/libtool'
LIBT_CURRENT='10'
LIBT_CURRENT_MINUS_AGE='1'
LIBT_REVISION='2'
LIBT_VERSION_INFO='10:2:9'
LIBXML2_CFLAGS=''
LIBXML2_LIBS=''
LIPO='lipo'
LN_S='ln -s'
LTLIBOBJS=''
LT_SYS_LIBRARY_PATH=''
MAKEINFO='${SHELL} /Users/stevevarga/Desktop/Cinder/blocks/Cinder-Typography/build/source/fontconfig-2.12.1/missing makeinfo'
MANIFEST_TOOL=':'
MKDIR_P='./install-sh -c -d'
MS_LIB_AVAILABLE_FALSE=''
MS_LIB_AVAILABLE_TRUE='#'
NM='/usr/bin/nm -B'
NMEDIT='nmedit'
OBJDUMP='false'
OBJEXT='o'
OS_WIN32_FALSE=''
OS_WIN32_TRUE='#'
OTOOL64=':'
OTOOL='otool'
PACKAGE='fontconfig'
PACKAGE_BUGREPORT='https://bugs.freedesktop.org/enter_bug.cgi?product=fontconfig'
PACKAGE_NAME='fontconfig'
PACKAGE_STRING='fontconfig 2.12.1'
PACKAGE_TARNAME='fontconfig'
PACKAGE_URL=''
PACKAGE_VERSION='2.12.1'
PATH_SEPARATOR=':'
PKGCONFIG_REQUIRES=' freetype2'
PKGCONFIG_REQUIRES_PRIVATELY=''
PKG_CONFIG='/usr/local/bin/pkg-config'
PKG_CONFIG_LIBDIR=''
PKG_CONFIG_PATH=':/Users/stevevarga/Desktop/Cinder/blocks/Cinder-Typography/build/build/lib/pkgconfig/'
PREFERRED_HINTING='slight'
PTHREAD_CC='gcc'
PTHREAD_CFLAGS='-D_THREAD_SAFE -pthread'
PTHREAD_LIBS=''
PYTHON='/usr/bin/python'
PYTHON_EXEC_PREFIX='${exec_prefix}'
PYTHON_PLATFORM='darwin'
PYTHON_PREFIX='${prefix}'
PYTHON_VERSION='2.7'
RANLIB='ranlib'
RM='rm -f'
SED='/usr/bin/sed'
SET_MAKE=''
SHELL='/bin/sh'
STRIP='strip'
TEMPLATEDIR='${datadir}/fontconfig/conf.avail'
USEDOCBOOK_FALSE=''
USEDOCBOOK_TRUE='#'
VERSION='2.12.1'
WARN_CFLAGS='-Wall -Wpointer-arith -Wstrict-prototypes 	-Wmissing-prototypes -Wmissing-declarations 	-Wnested-externs -fno-strict-aliasing'
XMLDIR='${datadir}/xml/fontconfig'
ac_ct_AR='ar'
ac_ct_CC='gcc'
ac_ct_DUMPBIN=''
am__EXEEXT_FALSE=''
am__EXEEXT_TRUE='#'
am__fastdepCC_FALSE='#'
am__fastdepCC_TRUE=''
am__include='include'
am__isrc=''
am__leading_dot='.'
am__nodep='_no'
am__quote=''
am__tar='$${TAR-tar} chof - "$$tardir"'
am__untar='$${TAR-tar} xf -'
ax_pthread_config=''
bindir='${exec_prefix}/bin'
build='x86_64-apple-darwin15.6.0'
build_alias=''
build_cpu='x86_64'
build_os='darwin15.6.0'
build_vendor='apple'
datadir='${datarootdir}'
datarootdir='${prefix}/share'
docdir='${datarootdir}/doc/${PACKAGE_TARNAME}'
dvidir='${docdir}'
exec_prefix='${prefix}'
fc_cachedir='${localstatedir}/cache/${PACKAGE}'
host='x86_64-apple-darwin15.6.0'
host_alias=''
host_cpu='x86_64'
host_os='darwin15.6.0'
host_vendor='apple'
htmldir='${docdir}'
includedir='${prefix}/include'
infodir='${datarootdir}/info'
install_sh='${SHELL} /Users/stevevarga/Desktop/Cinder/blocks/Cinder-Typography/build/source/fontconfig-2.12.1/install-sh'
libdir='${exec_prefix}/lib'
libexecdir='${exec_prefix}/libexec'
localedir='${datarootdir}/locale'
localstatedir='${prefix}/var'
mandir='${datarootdir}/man'
mkdir_p='$(MKDIR_P)'
ms_librarian=''
oldincludedir='/usr/include'
pdfdir='${docdir}'
pkgconfigdir='${libdir}/pkgconfig'
pkgpyexecdir='${pyexecdir}/fontconfig'
pkgpythondir='${pythondir}/fontconfig'
prefix='/Users/stevevarga/Desktop/Cinder/blocks/Cinder-Typography/build/build'
program_transform_name='s,x,x,'
psdir='${docdir}'
pyexecdir='${exec_prefix}/lib/python2.7/site-packages'
pythondir='${prefix}/lib/python2.7/site-packages'
sbindir='${exec_prefix}/sbin'
sharedstatedir='${prefix}/com'
sysconfdir='${prefix}/etc'
target_alias=''

## ----------- ##
## confdefs.h. ##
## ----------- ##

/* confdefs.h */
#define PACKAGE_NAME "fontconfig"
#define PACKAGE_TARNAME "fontconfig"
#define PACKAGE_VERSION "2.12.1"
#define PACKAGE_STRING "fontconfig 2.12.1"
#define PACKAGE_BUGREPORT "https://bugs.freedesktop.org/enter_bug.cgi?product=fontconfig"
#define PACKAGE_URL ""
#define PACKAGE "fontconfig"
#define VERSION "2.12.1"
#define STDC_HEADERS 1
#define HAVE_SYS_TYPES_H 1
#define HAVE_SYS_STAT_H 1
#define HAVE_STDLIB_H 1
#define HAVE_STRING_H 1
#define HAVE_MEMORY_H 1
#define HAVE_STRINGS_H 1
#define HAVE_INTTYPES_H 1
#define HAVE_STDINT_H 1
#define HAVE_UNISTD_H 1
#define __EXTENSIONS__ 1
#define _ALL_SOURCE 1
#define _GNU_SOURCE 1
#define _POSIX_PTHREAD_SEMANTICS 1
#define _TANDEM_SOURCE 1
#define HAVE_DLFCN_H 1
#define LT_OBJDIR ".libs/"
#define HAVE_WARNING_CPP_DIRECTIVE 1
#define HAVE_DIRENT_H 1
#define STDC_HEADERS 1
#define HAVE_FCNTL_H 1
#define HAVE_STDLIB_H 1
#define HAVE_STRING_H 1
#define HAVE_UNISTD_H 1
#define HAVE_SYS_STATVFS_H 1
#define HAVE_SYS_PARAM_H 1
#define HAVE_SYS_MOUNT_H 1
#define FLEXIBLE_ARRAY_MEMBER /**/
#define HAVE_VPRINTF 1
#define HAVE_STDLIB_H 1
#define HAVE_UNISTD_H 1
#define HAVE_SYS_PARAM_H 1
#define HAVE_GETPAGESIZE 1
#define HAVE_MMAP 1
#define HAVE_LINK 1
#define HAVE_MKSTEMP 1
#define HAVE_MKDTEMP 1
#define HAVE_GETOPT 1
#define HAVE_GETOPT_LONG 1
#define HAVE_GETPROGNAME 1
#define HAVE_RAND 1
#define HAVE_RANDOM 1
#define HAVE_LRAND48 1
#define HAVE_RAND_R 1
#define HAVE_READLINK 1
#define HAVE_FSTATVFS 1
#define HAVE_FSTATFS 1
#define HAVE_LSTAT 1
#define HAVE_POSIX_FADVISE 0
#define HAVE_STRUCT_STATFS_F_FLAGS 1
#define HAVE_STRUCT_STATFS_F_FSTYPENAME 1
#define HAVE_STRUCT_DIRENT_D_TYPE 1
#define USE_ICONV 0
#define HAVE_FT_GET_NEXT_CHAR 1
#define HAVE_FT_GET_BDF_PROPERTY 1
#define HAVE_FT_GET_PS_FONT_INFO 1
#define HAVE_FT_HAS_PS_GLYPH_NAMES 1
#define HAVE_FT_GET_X11_FONT_FORMAT 1
#define HAVE_FT_SELECT_SIZE 1
#define HAVE_FT_BITMAP_SIZE_Y_PPEM 1
#define HAVE_TT_OS2_USLOWEROPTICALPOINTSIZE 1
#define HAVE_TT_OS2_USUPPEROPTICALPOINTSIZE 1
#define HAVE_XML_SETDOCTYPEDECLHANDLER 1
#define FC_DEFAULT_FONTS "/usr/share/fonts"
#define FC_ADD_FONTS "yes"
#define HAVE_INTEL_ATOMIC_PRIMITIVES 1
#define HAVE_PTHREAD_PRIO_INHERIT 1
#define HAVE_PTHREAD 1
#define SIZEOF_VOID_P 8
#define ALIGNOF_DOUBLE 8
#define ALIGNOF_VOID_P 8

configure: exit 0

## ---------------------- ##
## Running config.status. ##
## ---------------------- ##

This file was extended by fontconfig config.status 2.12.1, which was
generated by GNU Autoconf 2.69.  Invocation command line was

  CONFIG_FILES    = 
  CONFIG_HEADERS  = 
  CONFIG_LINKS    = 
  CONFIG_COMMANDS = 
  $ ./config.status src/fcstdint.h

on Stephens-MBP.fios-router.home

config.status:1478: executing src/fcstdint.h commands
config.status:2125: creating src/fcstdint.h : _FONTCONFIG_SRC_FCSTDINT_H
config.status:2557: src/fcstdint.h is unchanged
