This file contains any messages produced by compilers while
running configure, to aid debugging if configure makes a mistake.

It was created by FreeType configure 2.6.5, which was
generated by GNU Autoconf 2.69.  Invocation command line was

  $ ./configure --prefix=/Users/stevevarga/Desktop/Cinder/blocks/Cinder-Typography/build/build --enable-static --disable-shared --disable-dependency-tracking

## --------- ##
## Platform. ##
## --------- ##

hostname = Stephens-MBP.fios-router.home
uname -m = x86_64
uname -r = 16.0.0
uname -s = Darwin
uname -v = Darwin Kernel Version 16.0.0: Mon Aug 29 17:56:20 PDT 2016; root:xnu-3789.1.32~3/RELEASE_X86_64

/usr/bin/uname -p = i386
/bin/uname -X     = unknown

/bin/arch              = unknown
/usr/bin/arch -k       = unknown
/usr/convex/getsysinfo = unknown
/usr/bin/hostinfo      = Mach kernel version:
	 Darwin Kernel Version 16.0.0: Mon Aug 29 17:56:20 PDT 2016; root:xnu-3789.1.32~3/RELEASE_X86_64
Kernel configured for up to 4 processors.
2 processors are physically available.
4 processors are logically available.
Processor type: x86_64h (Intel x86-64h Haswell)
Processors active: 0 1 2 3
Primary memory available: 8.00 gigabytes
Default processor set: 370 tasks, 2138 threads, 4 processors
Load average: 4.07, Mach factor: 1.24
/bin/machine           = unknown
/usr/bin/oslevel       = unknown
/bin/universe          = unknown

PATH: /Users/stevevarga/.rbenv/shims
PATH: /usr/local/bin
PATH: /usr/bin
PATH: /bin
PATH: /usr/sbin
PATH: /sbin


## ----------- ##
## Core tests. ##
## ----------- ##

configure:2537: checking build system type
configure:2551: result: x86_64-apple-darwin16.0.0
configure:2571: checking host system type
configure:2584: result: x86_64-apple-darwin16.0.0
configure:2656: checking for gcc
configure:2672: found /usr/bin/gcc
configure:2683: result: gcc
configure:2912: checking for C compiler version
configure:2921: gcc --version >&5
Apple LLVM version 8.0.0 (clang-800.0.38)
Target: x86_64-apple-darwin16.0.0
Thread model: posix
InstalledDir: /Applications/Xcode.app/Contents/Developer/Toolchains/XcodeDefault.xctoolchain/usr/bin
Configured with: --prefix=/Applications/Xcode.app/Contents/Developer/usr --with-gxx-include-dir=/usr/include/c++/4.2.1
configure:2932: $? = 0
configure:2921: gcc -v >&5
Configured with: --prefix=/Applications/Xcode.app/Contents/Developer/usr --with-gxx-include-dir=/usr/include/c++/4.2.1
Apple LLVM version 8.0.0 (clang-800.0.38)
Target: x86_64-apple-darwin16.0.0
Thread model: posix
InstalledDir: /Applications/Xcode.app/Contents/Developer/Toolchains/XcodeDefault.xctoolchain/usr/bin
configure:2932: $? = 0
configure:2921: gcc -V >&5
clang: error: argument to '-V' is missing (expected 1 value)
clang: error: no input files
configure:2932: $? = 1
configure:2921: gcc -qversion >&5
clang: error: unknown argument: '-qversion'
clang: error: no input files
configure:2932: $? = 1
configure:2952: checking whether the C compiler works
configure:2974: gcc    conftest.c  >&5
configure:2978: $? = 0
configure:3026: result: yes
configure:3029: checking for C compiler default output file name
configure:3031: result: a.out
configure:3037: checking for suffix of executables
configure:3044: gcc -o conftest    conftest.c  >&5
configure:3048: $? = 0
configure:3070: result: 
configure:3092: checking whether we are cross compiling
configure:3100: gcc -o conftest    conftest.c  >&5
configure:3104: $? = 0
configure:3111: ./conftest
configure:3115: $? = 0
configure:3130: result: no
configure:3135: checking for suffix of object files
configure:3157: gcc -c   conftest.c >&5
configure:3161: $? = 0
configure:3182: result: o
configure:3186: checking whether we are using the GNU C compiler
configure:3205: gcc -c   conftest.c >&5
configure:3205: $? = 0
configure:3214: result: yes
configure:3223: checking whether gcc accepts -g
configure:3243: gcc -c -g  conftest.c >&5
configure:3243: $? = 0
configure:3284: result: yes
configure:3301: checking for gcc option to accept ISO C89
configure:3364: gcc  -c -g -O2  conftest.c >&5
configure:3364: $? = 0
configure:3377: result: none needed
configure:3402: checking how to run the C preprocessor
configure:3433: gcc -E  conftest.c
configure:3433: $? = 0
configure:3447: gcc -E  conftest.c
conftest.c:9:10: fatal error: 'ac_nonexistent.h' file not found
#include <ac_nonexistent.h>
         ^
1 error generated.
configure:3447: $? = 1
configure: failed program was:
| /* confdefs.h */
| #define PACKAGE_NAME "FreeType"
| #define PACKAGE_TARNAME "freetype"
| #define PACKAGE_VERSION "2.6.5"
| #define PACKAGE_STRING "FreeType 2.6.5"
| #define PACKAGE_BUGREPORT "freetype@nongnu.org"
| #define PACKAGE_URL ""
| /* end confdefs.h.  */
| #include <ac_nonexistent.h>
configure:3472: result: gcc -E
configure:3492: gcc -E  conftest.c
configure:3492: $? = 0
configure:3506: gcc -E  conftest.c
conftest.c:9:10: fatal error: 'ac_nonexistent.h' file not found
#include <ac_nonexistent.h>
         ^
1 error generated.
configure:3506: $? = 1
configure: failed program was:
| /* confdefs.h */
| #define PACKAGE_NAME "FreeType"
| #define PACKAGE_TARNAME "freetype"
| #define PACKAGE_VERSION "2.6.5"
| #define PACKAGE_STRING "FreeType 2.6.5"
| #define PACKAGE_BUGREPORT "freetype@nongnu.org"
| #define PACKAGE_URL ""
| /* end confdefs.h.  */
| #include <ac_nonexistent.h>
configure:3590: checking for pkg-config
configure:3608: found /usr/local/bin/pkg-config
configure:3620: result: /usr/local/bin/pkg-config
configure:3645: checking pkg-config is at least version 0.24
configure:3648: result: yes
configure:3703: checking how to print strings
configure:3730: result: printf
configure:3751: checking for a sed that does not truncate output
configure:3815: result: /usr/bin/sed
configure:3833: checking for grep that handles long lines and -e
configure:3891: result: /usr/bin/grep
configure:3896: checking for egrep
configure:3958: result: /usr/bin/grep -E
configure:3963: checking for fgrep
configure:4025: result: /usr/bin/grep -F
configure:4060: checking for ld used by gcc
configure:4127: result: /Applications/Xcode.app/Contents/Developer/Toolchains/XcodeDefault.xctoolchain/usr/bin/ld
configure:4134: checking if the linker (/Applications/Xcode.app/Contents/Developer/Toolchains/XcodeDefault.xctoolchain/usr/bin/ld) is GNU ld
configure:4149: result: no
configure:4161: checking for BSD- or MS-compatible name lister (nm)
configure:4215: result: /usr/bin/nm -B
configure:4345: checking the name lister (/usr/bin/nm -B) interface
configure:4352: gcc -c -g -O2  conftest.c >&5
configure:4355: /usr/bin/nm -B "conftest.o"
configure:4358: output
0000000000000230 S _some_variable
configure:4365: result: BSD nm
configure:4368: checking whether ln -s works
configure:4372: result: yes
configure:4380: checking the maximum length of command line arguments
configure:4511: result: 196608
configure:4559: checking how to convert x86_64-apple-darwin16.0.0 file names to x86_64-apple-darwin16.0.0 format
configure:4599: result: func_convert_file_noop
configure:4606: checking how to convert x86_64-apple-darwin16.0.0 file names to toolchain format
configure:4626: result: func_convert_file_noop
configure:4633: checking for /Applications/Xcode.app/Contents/Developer/Toolchains/XcodeDefault.xctoolchain/usr/bin/ld option to reload object files
configure:4640: result: -r
configure:4714: checking for objdump
configure:4730: found /usr/bin/objdump
configure:4741: result: objdump
configure:4770: checking how to recognize dependent libraries
configure:4970: result: pass_all
configure:5055: checking for dlltool
configure:5085: result: no
configure:5112: checking how to associate runtime and link libraries
configure:5139: result: printf %s\n
configure:5200: checking for ar
configure:5216: found /usr/bin/ar
configure:5227: result: ar
configure:5264: checking for archiver @FILE support
configure:5281: gcc -c -g -O2  conftest.c >&5
configure:5281: $? = 0
configure:5284: ar cru libconftest.a @conftest.lst >&5
ar: @conftest.lst: No such file or directory
configure:5287: $? = 1
configure:5307: result: no
configure:5365: checking for strip
configure:5381: found /usr/bin/strip
configure:5392: result: strip
configure:5464: checking for ranlib
configure:5480: found /usr/bin/ranlib
configure:5491: result: ranlib
configure:5568: checking for gawk
configure:5598: result: no
configure:5568: checking for mawk
configure:5598: result: no
configure:5568: checking for nawk
configure:5598: result: no
configure:5568: checking for awk
configure:5584: found /usr/bin/awk
configure:5595: result: awk
configure:5635: checking command to parse /usr/bin/nm -B output from gcc object
configure:5788: gcc -c -g -O2  conftest.c >&5
configure:5791: $? = 0
configure:5795: /usr/bin/nm -B conftest.o \| sed -n -e 's/^.*[ ]\([BCDEGRST][BCDEGRST]*\)[ ][ ]*\([_A-Za-z][_A-Za-z0-9]*\)$/\1 \2 \2/p' | sed '/ __gnu_lto/d' \> conftest.nm
configure:5798: $? = 0
cannot find nm_test_var in conftest.nm
configure:5788: gcc -c -g -O2  conftest.c >&5
configure:5791: $? = 0
configure:5795: /usr/bin/nm -B conftest.o \| sed -n -e 's/^.*[ ]\([BCDEGRST][BCDEGRST]*\)[ ][ ]*_\([_A-Za-z][_A-Za-z0-9]*\)$/\1 _\2 \2/p' | sed '/ __gnu_lto/d' \> conftest.nm
configure:5798: $? = 0
configure:5864: gcc -o conftest -g -O2   conftest.c conftstm.o >&5
warning: (x86_64)  could not find object file symbol for symbol _main
configure:5867: $? = 0
configure:5905: result: ok
configure:5952: checking for sysroot
configure:5982: result: no
configure:5989: checking for a working dd
configure:6027: result: /bin/dd
configure:6031: checking how to truncate binary pipes
configure:6046: result: /bin/dd bs=4096 count=1
configure:6375: checking for mt
configure:6405: result: no
configure:6425: checking if : is a manifest tool
configure:6431: : '-?'
configure:6439: result: no
configure:6495: checking for dsymutil
configure:6511: found /usr/bin/dsymutil
configure:6522: result: dsymutil
configure:6587: checking for nmedit
configure:6603: found /usr/bin/nmedit
configure:6614: result: nmedit
configure:6679: checking for lipo
configure:6695: found /usr/bin/lipo
configure:6706: result: lipo
configure:6771: checking for otool
configure:6787: found /usr/bin/otool
configure:6798: result: otool
configure:6863: checking for otool64
configure:6893: result: no
configure:6938: checking for -single_module linker flag
gcc -g -O2  -o libconftest.dylib -dynamiclib -Wl,-single_module conftest.c
configure:6971: result: yes
configure:6974: checking for -exported_symbols_list linker flag
configure:6994: gcc -o conftest -g -O2   -Wl,-exported_symbols_list,conftest.sym conftest.c  >&5
configure:6994: $? = 0
configure:7004: result: yes
configure:7007: checking for -force_load linker flag
gcc -g -O2 -c -o conftest.o conftest.c
ar cru libconftest.a conftest.o
ranlib libconftest.a
gcc -g -O2  -o conftest conftest.c -Wl,-force_load,./libconftest.a
configure:7039: result: yes
configure:7112: checking for ANSI C header files
configure:7132: gcc -c -g -O2  conftest.c >&5
configure:7132: $? = 0
configure:7205: gcc -o conftest -g -O2   conftest.c  >&5
configure:7205: $? = 0
configure:7205: ./conftest
configure:7205: $? = 0
configure:7216: result: yes
configure:7229: checking for sys/types.h
configure:7229: gcc -c -g -O2  conftest.c >&5
configure:7229: $? = 0
configure:7229: result: yes
configure:7229: checking for sys/stat.h
configure:7229: gcc -c -g -O2  conftest.c >&5
configure:7229: $? = 0
configure:7229: result: yes
configure:7229: checking for stdlib.h
configure:7229: gcc -c -g -O2  conftest.c >&5
configure:7229: $? = 0
configure:7229: result: yes
configure:7229: checking for string.h
configure:7229: gcc -c -g -O2  conftest.c >&5
configure:7229: $? = 0
configure:7229: result: yes
configure:7229: checking for memory.h
configure:7229: gcc -c -g -O2  conftest.c >&5
configure:7229: $? = 0
configure:7229: result: yes
configure:7229: checking for strings.h
configure:7229: gcc -c -g -O2  conftest.c >&5
configure:7229: $? = 0
configure:7229: result: yes
configure:7229: checking for inttypes.h
configure:7229: gcc -c -g -O2  conftest.c >&5
configure:7229: $? = 0
configure:7229: result: yes
configure:7229: checking for stdint.h
configure:7229: gcc -c -g -O2  conftest.c >&5
configure:7229: $? = 0
configure:7229: result: yes
configure:7229: checking for unistd.h
configure:7229: gcc -c -g -O2  conftest.c >&5
configure:7229: $? = 0
configure:7229: result: yes
configure:7243: checking for dlfcn.h
configure:7243: gcc -c -g -O2  conftest.c >&5
configure:7243: $? = 0
configure:7243: result: yes
configure:7797: checking for objdir
configure:7812: result: .libs
configure:8072: checking if gcc supports -fno-rtti -fno-exceptions
configure:8090: gcc -c -g -O2  -fno-rtti -fno-exceptions conftest.c >&5
configure:8094: $? = 0
configure:8107: result: yes
configure:8465: checking for gcc option to produce PIC
configure:8472: result: -fno-common -DPIC
configure:8480: checking if gcc PIC flag -fno-common -DPIC works
configure:8498: gcc -c -g -O2  -fno-common -DPIC -DPIC conftest.c >&5
configure:8502: $? = 0
configure:8515: result: yes
configure:8544: checking if gcc static flag -static works
configure:8572: result: no
configure:8587: checking if gcc supports -c -o file.o
configure:8608: gcc -c -g -O2  -o out/conftest2.o conftest.c >&5
configure:8612: $? = 0
configure:8634: result: yes
configure:8642: checking if gcc supports -c -o file.o
configure:8689: result: yes
configure:8722: checking whether the gcc linker (/Applications/Xcode.app/Contents/Developer/Toolchains/XcodeDefault.xctoolchain/usr/bin/ld) supports shared libraries
configure:9981: result: yes
configure:10221: checking dynamic linker characteristics
configure:11039: result: darwin16.0.0 dyld
configure:11161: checking how to hardcode library paths into programs
configure:11186: result: immediate
configure:11734: checking whether stripping libraries is possible
configure:11748: result: yes
configure:11774: checking if libtool supports shared libraries
configure:11776: result: yes
configure:11779: checking whether to build shared libraries
configure:11804: result: no
configure:11807: checking whether to build static libraries
configure:11811: result: yes
configure:12027: checking for a BSD-compatible install
configure:12095: result: /usr/bin/install -c
configure:12114: checking for a thread-safe mkdir -p
configure:12153: result: ./install-sh -c -d
configure:12167: checking for ANSI C header files
configure:12271: result: yes
configure:12282: checking fcntl.h usability
configure:12282: gcc -c -g -O2  conftest.c >&5
configure:12282: $? = 0
configure:12282: result: yes
configure:12282: checking fcntl.h presence
configure:12282: gcc -E  conftest.c
configure:12282: $? = 0
configure:12282: result: yes
configure:12282: checking for fcntl.h
configure:12282: result: yes
configure:12282: checking for unistd.h
configure:12282: result: yes
configure:12296: checking for an ANSI C-conforming const
configure:12362: gcc -c -g -O2  conftest.c >&5
configure:12362: $? = 0
configure:12369: result: yes
configure:12381: checking size of int
configure:12386: gcc -o conftest -g -O2   conftest.c  >&5
configure:12386: $? = 0
configure:12386: ./conftest
configure:12386: $? = 0
configure:12400: result: 4
configure:12414: checking size of long
configure:12419: gcc -o conftest -g -O2   conftest.c  >&5
configure:12419: $? = 0
configure:12419: ./conftest
configure:12419: $? = 0
configure:12433: result: 8
configure:12447: checking whether cpp computation of bit length in ftconfig.in works
configure:12504: result: yes
configure:12542: checking for stdlib.h
configure:12542: result: yes
configure:12542: checking for unistd.h
configure:12542: result: yes
configure:12542: checking for sys/param.h
configure:12542: gcc -c -g -O2  conftest.c >&5
configure:12542: $? = 0
configure:12542: result: yes
configure:12562: checking for getpagesize
configure:12562: gcc -o conftest -g -O2   conftest.c  >&5
configure:12562: $? = 0
configure:12562: result: yes
configure:12571: checking for working mmap
configure:12718: gcc -o conftest -g -O2   conftest.c  >&5
configure:12718: $? = 0
configure:12718: ./conftest
configure:12718: $? = 0
configure:12728: result: yes
configure:12744: checking whether munmap is declared
configure:12744: gcc -c -g -O2  conftest.c >&5
configure:12744: $? = 0
configure:12744: result: yes
configure:12764: checking for munmap's first parameter type
configure:12778: gcc -c -g -O2  conftest.c >&5
configure:12778: $? = 0
configure:12779: result: void *
configure:12796: checking for memcpy
configure:12796: gcc -o conftest -g -O2   conftest.c  >&5
conftest.c:56:6: warning: incompatible redeclaration of library function 'memcpy' [-Wincompatible-library-redeclaration]
char memcpy ();
     ^
conftest.c:56:6: note: 'memcpy' is a builtin with type 'void *(void *, const void *, unsigned long)'
1 warning generated.
configure:12796: $? = 0
configure:12796: result: yes
configure:12796: checking for memmove
configure:12796: gcc -o conftest -g -O2   conftest.c  >&5
conftest.c:57:6: warning: incompatible redeclaration of library function 'memmove' [-Wincompatible-library-redeclaration]
char memmove ();
     ^
conftest.c:57:6: note: 'memmove' is a builtin with type 'void *(void *, const void *, unsigned long)'
1 warning generated.
configure:12796: $? = 0
configure:12796: result: yes
configure:12848: checking gcc compiler flag -ansi to assure ANSI C works correctly
configure:12875: gcc -c -g -O2  -ansi  conftest.c >&5
configure:12875: $? = 0
configure:12876: result: ok, add it to XX_ANSIFLAGS
configure:12940: $PKG_CONFIG --exists --print-errors "$zlib_pkg"
Package zlib was not found in the pkg-config search path.
Perhaps you should add the directory containing `zlib.pc'
to the PKG_CONFIG_PATH environment variable
No package 'zlib' found
configure:12943: $? = 1
configure:12950: checking for ZLIB
configure:12957: $PKG_CONFIG --exists --print-errors "$zlib_pkg"
Package zlib was not found in the pkg-config search path.
Perhaps you should add the directory containing `zlib.pc'
to the PKG_CONFIG_PATH environment variable
No package 'zlib' found
configure:12960: $? = 1
configure:12974: $PKG_CONFIG --exists --print-errors "$zlib_pkg"
Package zlib was not found in the pkg-config search path.
Perhaps you should add the directory containing `zlib.pc'
to the PKG_CONFIG_PATH environment variable
No package 'zlib' found
configure:12977: $? = 1
configure:12991: result: no
No package 'zlib' found
configure:13035: checking for gzsetparams in -lz
configure:13060: gcc -o conftest -g -O2   conftest.c -lz   >&5
configure:13060: $? = 0
configure:13069: result: yes
configure:13072: checking zlib.h usability
configure:13072: gcc -c -g -O2  conftest.c >&5
configure:13072: $? = 0
configure:13072: result: yes
configure:13072: checking zlib.h presence
configure:13072: gcc -E  conftest.c
configure:13072: $? = 0
configure:13072: result: yes
configure:13072: checking for zlib.h
configure:13072: result: yes
configure:13110: $PKG_CONFIG --exists --print-errors "$bzip2_pkg"
Package bzip2 was not found in the pkg-config search path.
Perhaps you should add the directory containing `bzip2.pc'
to the PKG_CONFIG_PATH environment variable
No package 'bzip2' found
configure:13113: $? = 1
configure:13120: checking for BZIP2
configure:13127: $PKG_CONFIG --exists --print-errors "$bzip2_pkg"
Package bzip2 was not found in the pkg-config search path.
Perhaps you should add the directory containing `bzip2.pc'
to the PKG_CONFIG_PATH environment variable
No package 'bzip2' found
configure:13130: $? = 1
configure:13144: $PKG_CONFIG --exists --print-errors "$bzip2_pkg"
Package bzip2 was not found in the pkg-config search path.
Perhaps you should add the directory containing `bzip2.pc'
to the PKG_CONFIG_PATH environment variable
No package 'bzip2' found
configure:13147: $? = 1
configure:13161: result: no
No package 'bzip2' found
configure:13205: checking for BZ2_bzDecompress in -lbz2
configure:13230: gcc -o conftest -g -O2   conftest.c -lbz2   >&5
configure:13230: $? = 0
configure:13239: result: yes
configure:13242: checking bzlib.h usability
configure:13242: gcc -c -g -O2  conftest.c >&5
configure:13242: $? = 0
configure:13242: result: yes
configure:13242: checking bzlib.h presence
configure:13242: gcc -E  conftest.c
configure:13242: $? = 0
configure:13242: result: yes
configure:13242: checking for bzlib.h
configure:13242: result: yes
configure:13280: $PKG_CONFIG --exists --print-errors "$libpng_pkg"
configure:13283: $? = 0
configure:13290: checking for LIBPNG
configure:13297: $PKG_CONFIG --exists --print-errors "$libpng_pkg"
configure:13300: $? = 0
configure:13314: $PKG_CONFIG --exists --print-errors "$libpng_pkg"
configure:13317: $? = 0
configure:13355: result: yes
configure:13416: $PKG_CONFIG --exists --print-errors "$harfbuzz_pkg"
Package harfbuzz was not found in the pkg-config search path.
Perhaps you should add the directory containing `harfbuzz.pc'
to the PKG_CONFIG_PATH environment variable
No package 'harfbuzz' found
configure:13419: $? = 1
configure:13426: checking for HARFBUZZ
configure:13433: $PKG_CONFIG --exists --print-errors "$harfbuzz_pkg"
Package harfbuzz was not found in the pkg-config search path.
Perhaps you should add the directory containing `harfbuzz.pc'
to the PKG_CONFIG_PATH environment variable
No package 'harfbuzz' found
configure:13436: $? = 1
configure:13450: $PKG_CONFIG --exists --print-errors "$harfbuzz_pkg"
Package harfbuzz was not found in the pkg-config search path.
Perhaps you should add the directory containing `harfbuzz.pc'
to the PKG_CONFIG_PATH environment variable
No package 'harfbuzz' found
configure:13453: $? = 1
configure:13467: result: no
No package 'harfbuzz' found
configure:14308: creating ./config.status

## ---------------------- ##
## Running config.status. ##
## ---------------------- ##

This file was extended by FreeType config.status 2.6.5, which was
generated by GNU Autoconf 2.69.  Invocation command line was

  CONFIG_FILES    = 
  CONFIG_HEADERS  = 
  CONFIG_LINKS    = 
  CONFIG_COMMANDS = 
  $ ./config.status 

on Stephens-MBP.fios-router.home

config.status:1086: creating unix-cc.mk
config.status:1086: creating unix-def.mk
config.status:1086: creating ftconfig.h
config.status:1281: executing libtool commands
configure:16327: WARNING: unrecognized options: --disable-dependency-tracking
configure:16339:

Library configuration:
  external zlib: yes (autoconf test)
  bzip2:         yes (autoconf test)
  libpng:        yes (pkg-config)
  harfbuzz:      no


## ---------------- ##
## Cache variables. ##
## ---------------- ##

ac_cv_build=x86_64-apple-darwin16.0.0
ac_cv_c_compiler_gnu=yes
ac_cv_c_const=yes
ac_cv_env_BZIP2_CFLAGS_set=
ac_cv_env_BZIP2_CFLAGS_value=
ac_cv_env_BZIP2_LIBS_set=
ac_cv_env_BZIP2_LIBS_value=
ac_cv_env_CC_set=
ac_cv_env_CC_value=
ac_cv_env_CFLAGS_set=
ac_cv_env_CFLAGS_value=
ac_cv_env_CPPFLAGS_set=
ac_cv_env_CPPFLAGS_value=
ac_cv_env_CPP_set=
ac_cv_env_CPP_value=
ac_cv_env_HARFBUZZ_CFLAGS_set=
ac_cv_env_HARFBUZZ_CFLAGS_value=
ac_cv_env_HARFBUZZ_LIBS_set=
ac_cv_env_HARFBUZZ_LIBS_value=
ac_cv_env_LDFLAGS_set=
ac_cv_env_LDFLAGS_value=
ac_cv_env_LIBPNG_CFLAGS_set=
ac_cv_env_LIBPNG_CFLAGS_value=
ac_cv_env_LIBPNG_LIBS_set=
ac_cv_env_LIBPNG_LIBS_value=
ac_cv_env_LIBS_set=
ac_cv_env_LIBS_value=
ac_cv_env_LT_SYS_LIBRARY_PATH_set=
ac_cv_env_LT_SYS_LIBRARY_PATH_value=
ac_cv_env_PKG_CONFIG_LIBDIR_set=
ac_cv_env_PKG_CONFIG_LIBDIR_value=
ac_cv_env_PKG_CONFIG_PATH_set=
ac_cv_env_PKG_CONFIG_PATH_value=
ac_cv_env_PKG_CONFIG_set=
ac_cv_env_PKG_CONFIG_value=
ac_cv_env_ZLIB_CFLAGS_set=
ac_cv_env_ZLIB_CFLAGS_value=
ac_cv_env_ZLIB_LIBS_set=
ac_cv_env_ZLIB_LIBS_value=
ac_cv_env_build_alias_set=
ac_cv_env_build_alias_value=
ac_cv_env_host_alias_set=
ac_cv_env_host_alias_value=
ac_cv_env_target_alias_set=
ac_cv_env_target_alias_value=
ac_cv_func_getpagesize=yes
ac_cv_func_memcpy=yes
ac_cv_func_memmove=yes
ac_cv_func_mmap_fixed_mapped=yes
ac_cv_have_decl_munmap=yes
ac_cv_header_bzlib_h=yes
ac_cv_header_dlfcn_h=yes
ac_cv_header_fcntl_h=yes
ac_cv_header_inttypes_h=yes
ac_cv_header_memory_h=yes
ac_cv_header_stdc=yes
ac_cv_header_stdint_h=yes
ac_cv_header_stdlib_h=yes
ac_cv_header_string_h=yes
ac_cv_header_strings_h=yes
ac_cv_header_sys_param_h=yes
ac_cv_header_sys_stat_h=yes
ac_cv_header_sys_types_h=yes
ac_cv_header_unistd_h=yes
ac_cv_header_zlib_h=yes
ac_cv_host=x86_64-apple-darwin16.0.0
ac_cv_lib_bz2_BZ2_bzDecompress=yes
ac_cv_lib_z_gzsetparams=yes
ac_cv_objext=o
ac_cv_path_EGREP='/usr/bin/grep -E'
ac_cv_path_FGREP='/usr/bin/grep -F'
ac_cv_path_GREP=/usr/bin/grep
ac_cv_path_SED=/usr/bin/sed
ac_cv_path_ac_pt_PKG_CONFIG=/usr/local/bin/pkg-config
ac_cv_path_install='/usr/bin/install -c'
ac_cv_path_lt_DD=/bin/dd
ac_cv_prog_AWK=awk
ac_cv_prog_CPP='gcc -E'
ac_cv_prog_ac_ct_AR=ar
ac_cv_prog_ac_ct_CC=gcc
ac_cv_prog_ac_ct_DSYMUTIL=dsymutil
ac_cv_prog_ac_ct_LIPO=lipo
ac_cv_prog_ac_ct_NMEDIT=nmedit
ac_cv_prog_ac_ct_OBJDUMP=objdump
ac_cv_prog_ac_ct_OTOOL=otool
ac_cv_prog_ac_ct_RANLIB=ranlib
ac_cv_prog_ac_ct_STRIP=strip
ac_cv_prog_cc_c89=
ac_cv_prog_cc_g=yes
ac_cv_sizeof_int=4
ac_cv_sizeof_long=8
lt_cv_apple_cc_single_mod=yes
lt_cv_ar_at_file=no
lt_cv_deplibs_check_method=pass_all
lt_cv_file_magic_cmd='$MAGIC_CMD'
lt_cv_file_magic_test_file=
lt_cv_ld_exported_symbols_list=yes
lt_cv_ld_force_load=yes
lt_cv_ld_reload_flag=-r
lt_cv_nm_interface='BSD nm'
lt_cv_objdir=.libs
lt_cv_path_LD=/Applications/Xcode.app/Contents/Developer/Toolchains/XcodeDefault.xctoolchain/usr/bin/ld
lt_cv_path_NM='/usr/bin/nm -B'
lt_cv_path_mainfest_tool=no
lt_cv_prog_compiler_c_o=yes
lt_cv_prog_compiler_pic='-fno-common -DPIC'
lt_cv_prog_compiler_pic_works=yes
lt_cv_prog_compiler_rtti_exceptions=yes
lt_cv_prog_compiler_static_works=no
lt_cv_prog_gnu_ld=no
lt_cv_sharedlib_from_linklib_cmd='printf %s\n'
lt_cv_sys_global_symbol_pipe='sed -n -e '\''s/^.*[	 ]\([BCDEGRST][BCDEGRST]*\)[	 ][	 ]*_\([_A-Za-z][_A-Za-z0-9]*\)$/\1 _\2 \2/p'\'' | sed '\''/ __gnu_lto/d'\'''
lt_cv_sys_global_symbol_to_c_name_address='sed -n -e '\''s/^: \(.*\) .*$/  {"\1", (void *) 0},/p'\'' -e '\''s/^[BCDEGRST][BCDEGRST]* .* \(.*\)$/  {"\1", (void *) \&\1},/p'\'''
lt_cv_sys_global_symbol_to_c_name_address_lib_prefix='sed -n -e '\''s/^: \(.*\) .*$/  {"\1", (void *) 0},/p'\'' -e '\''s/^[BCDEGRST][BCDEGRST]* .* \(lib.*\)$/  {"\1", (void *) \&\1},/p'\'' -e '\''s/^[BCDEGRST][BCDEGRST]* .* \(.*\)$/  {"lib\1", (void *) \&\1},/p'\'''
lt_cv_sys_global_symbol_to_cdecl='sed -n -e '\''s/^T .* \(.*\)$/extern int \1();/p'\'' -e '\''s/^[BCDEGRST][BCDEGRST]* .* \(.*\)$/extern char \1;/p'\'''
lt_cv_sys_global_symbol_to_import=
lt_cv_sys_max_cmd_len=196608
lt_cv_to_host_file_cmd=func_convert_file_noop
lt_cv_to_tool_file_cmd=func_convert_file_noop
lt_cv_truncate_bin='/bin/dd bs=4096 count=1'
pkg_cv_LIBPNG_CFLAGS=-I/usr/local/Cellar/libpng/1.6.25/include/libpng16
pkg_cv_LIBPNG_LIBS='-L/usr/local/Cellar/libpng/1.6.25/lib -lpng16'

## ----------------- ##
## Output variables. ##
## ----------------- ##

AR='ar'
AS='as'
AWK='awk'
BZIP2_CFLAGS=''
BZIP2_LIBS='-lbz2'
CC='gcc'
CC_BUILD='gcc'
CFLAGS='-g -O2 -DDARWIN_NO_CARBON  -DFT_CONFIG_OPTION_SYSTEM_ZLIB  -DFT_CONFIG_OPTION_USE_BZIP2 -I/usr/local/Cellar/libpng/1.6.25/include/libpng16 -DFT_CONFIG_OPTION_USE_PNG'
CPP='gcc -E'
CPPFLAGS=''
DEFS='-DHAVE_CONFIG_H'
DLLTOOL='false'
DSYMUTIL='dsymutil'
DUMPBIN=''
ECHO_C='\c'
ECHO_N=''
ECHO_T=''
EGREP='/usr/bin/grep -E'
EXEEXT=''
EXEEXT_BUILD=''
FGREP='/usr/bin/grep -F'
FTSYS_SRC='$(BUILD_DIR)/ftsystem.c'
GREP='/usr/bin/grep'
HARFBUZZ_CFLAGS=''
HARFBUZZ_LIBS=''
INSTALL_DATA='${INSTALL} -m 644'
INSTALL_PROGRAM='${INSTALL}'
INSTALL_SCRIPT='${INSTALL}'
LD='/Applications/Xcode.app/Contents/Developer/Toolchains/XcodeDefault.xctoolchain/usr/bin/ld'
LDFLAGS=' -lz -lbz2 -L/usr/local/Cellar/libpng/1.6.25/lib -lpng16'
LIBOBJS=''
LIBPNG_CFLAGS='-I/usr/local/Cellar/libpng/1.6.25/include/libpng16'
LIBPNG_LIBS='-L/usr/local/Cellar/libpng/1.6.25/lib -lpng16'
LIBS=''
LIBSSTATIC_CONFIG='-lfreetype -lz -lbz2 -L/usr/local/Cellar/libpng/1.6.25/lib -lpng16 -lz'
LIBS_PRIVATE='-lz -lbz2'
LIBTOOL='$(SHELL) $(top_builddir)/libtool'
LIPO='lipo'
LN_S='ln -s'
LTLIBOBJS=''
LT_SYS_LIBRARY_PATH=''
MANIFEST_TOOL=':'
MKDIR_P='/Users/stevevarga/Desktop/Cinder/blocks/Cinder-Typography/build/source/freetype-2.6.5/builds/unix/./install-sh -c -d'
NM='/usr/bin/nm -B'
NMEDIT='nmedit'
OBJDUMP='objdump'
OBJEXT='o'
OTOOL64=':'
OTOOL='otool'
PACKAGE_BUGREPORT='freetype@nongnu.org'
PACKAGE_NAME='FreeType'
PACKAGE_STRING='FreeType 2.6.5'
PACKAGE_TARNAME='freetype'
PACKAGE_URL=''
PACKAGE_VERSION='2.6.5'
PATH_SEPARATOR=':'
PKG_CONFIG='/usr/local/bin/pkg-config'
PKG_CONFIG_LIBDIR=''
PKG_CONFIG_PATH=''
RANLIB='ranlib'
REQUIRES_PRIVATE='libpng'
SED='/usr/bin/sed'
SHELL='/bin/sh'
STRIP='strip'
XX_ANSIFLAGS=' -ansi'
XX_CFLAGS='-Wall'
ZLIB_CFLAGS=''
ZLIB_LIBS='-lz'
ac_ct_AR='ar'
ac_ct_CC='gcc'
ac_ct_DUMPBIN=''
bindir='${exec_prefix}/bin'
build='x86_64-apple-darwin16.0.0'
build_alias=''
build_cpu='x86_64'
build_libtool_libs=''
build_os='darwin16.0.0'
build_vendor='apple'
datadir='${datarootdir}'
datarootdir='${prefix}/share'
docdir='${datarootdir}/doc/${PACKAGE_TARNAME}'
dvidir='${docdir}'
exec_prefix='${prefix}'
ft_version='18.5.12'
ftmac_c=''
hardcode_libdir_flag_spec=''
host='x86_64-apple-darwin16.0.0'
host_alias=''
host_cpu='x86_64'
host_os='darwin16.0.0'
host_vendor='apple'
htmldir='${docdir}'
includedir='${prefix}/include'
infodir='${datarootdir}/info'
libdir='${exec_prefix}/lib'
libexecdir='${exec_prefix}/libexec'
localedir='${datarootdir}/locale'
localstatedir='${prefix}/var'
mandir='${datarootdir}/man'
oldincludedir='/usr/include'
pdfdir='${docdir}'
prefix='/Users/stevevarga/Desktop/Cinder/blocks/Cinder-Typography/build/build'
program_transform_name='s,x,x,'
psdir='${docdir}'
sbindir='${exec_prefix}/sbin'
sharedstatedir='${prefix}/com'
sysconfdir='${prefix}/etc'
target_alias=''
version_info='18:5:12'
wl='-Wl,'

## ----------- ##
## confdefs.h. ##
## ----------- ##

/* confdefs.h */
#define PACKAGE_NAME "FreeType"
#define PACKAGE_TARNAME "freetype"
#define PACKAGE_VERSION "2.6.5"
#define PACKAGE_STRING "FreeType 2.6.5"
#define PACKAGE_BUGREPORT "freetype@nongnu.org"
#define PACKAGE_URL ""
#define STDC_HEADERS 1
#define HAVE_SYS_TYPES_H 1
#define HAVE_SYS_STAT_H 1
#define HAVE_STDLIB_H 1
#define HAVE_STRING_H 1
#define HAVE_MEMORY_H 1
#define HAVE_STRINGS_H 1
#define HAVE_INTTYPES_H 1
#define HAVE_STDINT_H 1
#define HAVE_UNISTD_H 1
#define HAVE_DLFCN_H 1
#define LT_OBJDIR ".libs/"
#define STDC_HEADERS 1
#define HAVE_FCNTL_H 1
#define HAVE_UNISTD_H 1
#define SIZEOF_INT 4
#define SIZEOF_LONG 8
#define HAVE_STDLIB_H 1
#define HAVE_UNISTD_H 1
#define HAVE_SYS_PARAM_H 1
#define HAVE_GETPAGESIZE 1
#define HAVE_MMAP 1
#define HAVE_DECL_MUNMAP 1
#define MUNMAP_USES_VOIDP /**/
#define HAVE_MEMCPY 1
#define HAVE_MEMMOVE 1

configure: exit 0
